--------------- Ox at 15:02:12 on 03-Aug-2017 ---------------

Ox Professional version 7.20 (OS_X_64/U/MT) (C) J.A. Doornik, 1994-2017


6 ######### rank 3

SWITCHING ALGORITHM v2.0, eps=1e-12 line search=None
start   f=     47.52820674
it1     f=     51.23645809  change=     0.07641 pi-change       1.619
it2     f=     51.24713240  change=   0.0002043 pi-change      0.1023
it4     f=     51.24773305  change=   4.526e-06 pi-change   0.0008988
it6     f=     51.24802971  change=   2.446e-06 pi-change   0.0006626
it8     f=     51.24821220  change=   1.565e-06 pi-change   0.0005169
it10    f=     51.24833748  change=   1.098e-06 pi-change   0.0004078
it20    f=     51.24864069  change=   3.502e-07 pi-change   0.0001654
it30    f=     51.24876503  change=   1.742e-07 pi-change   8.966e-05
it40    f=     51.24883380  change=   1.048e-07 pi-change   5.645e-05
it50    f=     51.24887772  change=   7.023e-08 pi-change   3.891e-05
it60    f=     51.24890830  change=   5.043e-08 pi-change   2.848e-05
it70    f=     51.24893085  change=   3.802e-08 pi-change   2.178e-05
it80    f=     51.24894819  change=   2.971e-08 pi-change   1.720e-05
it90    f=     51.24896196  change=   2.387e-08 pi-change   1.394e-05
it100   f=     51.24897315  change=   1.961e-08 pi-change   1.153e-05
it200   f=     51.24902582  change=   5.269e-09 pi-change   3.198e-06
it300   f=     51.24904436  change=   2.411e-09 pi-change   1.480e-06
it400   f=     51.24905385  change=   1.378e-09 pi-change   8.505e-07
it500   f=     51.24905963  change=   8.910e-10 pi-change   5.519e-07
it600   f=     51.24906352  change=   6.232e-10 pi-change   3.869e-07
it700   f=     51.24906631  change=   4.604e-10 pi-change   2.863e-07
it800   f=     51.24906842  change=   3.539e-10 pi-change   2.204e-07
it900   f=     51.24907006  change=   2.806e-10 pi-change   1.749e-07
it1000  f=     51.24907138  change=   2.279e-10 pi-change   1.422e-07
it2000  f=     51.24907737  change=   5.774e-11 pi-change   3.614e-08
it3000  f=     51.24907939  change=   2.579e-11 pi-change   1.616e-08
Warning: eigensymgen: decomposition failed
/Users/doornik/Documents/Papers_submitted/2017Switching/code/coint1.ox (18): RRR
it3573  f=     51.24908003  change=       0.000 pi-change       0.000  step=0
Weak convergence (downward step or stalled in line search)
Warning: eigensymgen: decomposition failed
/Users/doornik/Documents/Papers_submitted/2017Switching/code/coint1.ox (18): RRR
Warning: eigensymgen: decomposition failed
/Users/doornik/Documents/Papers_submitted/2017Switching/code/coint1.ox (18): RRR
Cointegration None M=1000 Res=6 eps=1e-12, beta switching
     iters   updates   logliks  failures     below    CPU(s)
      4580      4580      4581       433      .NaN    252.69


6 ######### rank 3

SWITCHING ALGORITHM v2.0, eps=1e-12 line search=LUser2
start   f=     47.52820674
it1     f=     51.23981126  change=     0.07648 pi-change       1.709  step=8
it2     f=     51.24639934  change=   0.0001261 pi-change     0.06629
it4     f=     51.24748271  change=   7.143e-06 pi-change    0.001474
it6     f=     51.24854623  change=   3.609e-06 pi-change     0.01137  step=1.2
it8     f=     51.24887357  change=   3.100e-06 pi-change   0.0009024  step=2
it10    f=     51.24987750  change=   9.709e-07 pi-change     0.01144
it20    f=     51.25255787  change=   1.222e-12 pi-change   2.352e-05  step=1.2
it23    f=     51.25255787  change=   1.088e-15 pi-change   4.605e-07  step=1.1
Strong convergence
Warning: eigensymgen: decomposition failed
/Users/doornik/Documents/Papers_submitted/2017Switching/code/coint1.ox (18): RRR
Warning: eigensymgen: decomposition failed
/Users/doornik/Documents/Papers_submitted/2017Switching/code/coint1.ox (18): RRR
Cointegration LUser2 M=1000 Res=6 eps=1e-12 Beta line search, beta switching
     iters   updates   logliks  failures     below    CPU(s)
        26        26       101         0      .NaN      2.46


6 ######### rank 3

SWITCHING ALGORITHM v2.0, eps=1e-12 line search=LUser3
start   f=     47.52820674
it1     f=     51.23914949  change=     0.07647 pi-change       1.677  step=2
it2     f=     51.24670410  change=   0.0001446 pi-change     0.07868
it4     f=     51.24789532  change=   1.743e-06 pi-change    0.007301
it6     f=     51.24843104  change=   5.298e-06 pi-change    0.001226  step=2
it8     f=     51.24940304  change=   1.369e-05 pi-change     0.02965  step=5
it10    f=     51.24961735  change=   1.501e-06 pi-change    0.001301  step=5
it18    f=     51.25255787  change=   2.312e-15 pi-change   6.132e-07
Strong convergence
Warning: eigensymgen: decomposition failed
/Users/doornik/Documents/Papers_submitted/2017Switching/code/coint1.ox (18): RRR
Cointegration LUser3 M=1000 Res=6 eps=1e-12, beta switching
     iters   updates   logliks  failures     below    CPU(s)
        29        29        81         0      .NaN      2.45


6 ######### rank 3

SWITCHING ALGORITHM v2.0, eps=1e-12 line search=None
start   f=     47.52820674
it1     f=     51.19056293  change=     0.07547 pi-change      0.2188
it2     f=     51.19466292  change=   7.856e-05 pi-change     0.02598
it4     f=     51.19585256  change=   4.558e-06 pi-change    0.005869
it6     f=     51.19603509  change=   1.569e-06 pi-change   0.0009464
it8     f=     51.19622017  change=   1.881e-06 pi-change   0.0008887
it10    f=     51.19646445  change=   2.517e-06 pi-change    0.001192
it20    f=     51.20242543  change=   3.305e-05 pi-change     0.01317
it30    f=     51.24509402  change=   4.471e-05 pi-change     0.08834
it40    f=     51.24966728  change=   1.853e-07 pi-change    0.005264
it50    f=     51.24967715  change=   1.049e-09 pi-change   0.0001450
it60    f=     51.24967762  change=   9.011e-10 pi-change   3.027e-06
it70    f=     51.24967809  change=   8.974e-10 pi-change   8.079e-07
it80    f=     51.24967856  change=   8.939e-10 pi-change   9.077e-07
it90    f=     51.24967903  change=   8.905e-10 pi-change   9.066e-07
it100   f=     51.24967949  change=   8.870e-10 pi-change   9.029e-07
it200   f=     51.24968404  change=   8.542e-10 pi-change   8.667e-07
it300   f=     51.24968842  change=   8.241e-10 pi-change   8.336e-07
it400   f=     51.24969265  change=   7.965e-10 pi-change   8.032e-07
it500   f=     51.24969675  change=   7.711e-10 pi-change   7.754e-07
it600   f=     51.24970071  change=   7.479e-10 pi-change   7.499e-07
it700   f=     51.24970456  change=   7.265e-10 pi-change   7.264e-07
it800   f=     51.24970831  change=   7.068e-10 pi-change   7.049e-07
it900   f=     51.24971195  change=   6.888e-10 pi-change   6.851e-07
it1000  f=     51.24971551  change=   6.722e-10 pi-change   6.668e-07
it2000  f=     51.24974748  change=   5.684e-10 pi-change   5.507e-07
it3000  f=     51.24977627  change=   5.446e-10 pi-change   5.162e-07
it4000  f=     51.24980554  change=   5.879e-10 pi-change   5.445e-07
it5000  f=     51.24983924  change=   7.214e-10 pi-change   6.501e-07
it6000  f=     51.24988398  change=   1.036e-09 pi-change   8.988e-07
it7000  f=     51.24995597  change=   1.866e-09 pi-change   1.516e-06
it8000  f=     51.25011570  change=   5.080e-09 pi-change   3.484e-06
it9000  f=     51.25089916  change=   4.086e-08 pi-change   3.151e-05
it10000 f=     51.25255691  change=   1.969e-10 pi-change   1.828e-05
it10548 f=     51.25255787  change=   5.802e-13 pi-change   9.996e-07
Strong convergence
Cointegration None M=1000 Res=6 eps=1e-12, alpha-beta switching
     iters   updates   logliks  failures     below    CPU(s)
      4385      4385      4386       277      .NaN    201.11


6 ######### rank 3

SWITCHING ALGORITHM v2.0, eps=1e-12 line search=L1Step
start   f=     47.52820674
it1     f=     51.19056293  change=     0.07547 pi-change      0.2188
it2     f=     51.19577182  change=   9.981e-05 pi-change     0.05144  step=2
it4     f=     51.19615036  change=   4.942e-06 pi-change    0.006312  step=4
it6     f=     51.19746608  change=   1.768e-05 pi-change    0.006186  step=1.2
it8     f=     51.20100907  change=   4.411e-05 pi-change     0.01721  step=1.2
it10    f=     51.21628218  change=   0.0002022 pi-change     0.07151  step=1.2
it20    f=     51.24960336  change=   6.183e-09 pi-change    0.001107  step=2
it30    f=     51.24969097  change=   1.757e-07 pi-change   0.0009086  step=2
it40    f=     51.24975951  change=   1.120e-07 pi-change   0.0008791  step=1.2
it50    f=     51.24979155  change=   5.626e-08 pi-change   9.109e-05  step=2
it60    f=     51.24981199  change=   3.805e-08 pi-change   3.866e-05  step=2
it70    f=     51.24983048  change=   2.448e-08 pi-change   7.574e-05  step=2
it80    f=     51.24984615  change=   3.248e-08 pi-change   2.812e-05  step=2
it90    f=     51.24986478  change=   3.826e-08 pi-change   3.553e-05  step=2
it100   f=     51.24988241  change=   3.476e-08 pi-change   3.213e-05  step=2
it200   f=     51.25221512  change=   1.657e-06 pi-change    0.006161  step=2
it220   f=     51.25255787  change=   1.292e-14 pi-change   9.261e-07  step=1.1
Strong convergence
Cointegration L1Step M=1000 Res=6 eps=1e-12, alpha-beta switching
     iters   updates   logliks  failures     below    CPU(s)
       586       586      2344         0      .NaN     35.87


6 ######### rank 3

SWITCHING ALGORITHM v2.0, eps=1e-12 line search=L1Std
start   f=     47.52820674
it1     f=     51.19056293  change=     0.07547 pi-change      0.2188
it2     f=     51.19577182  change=   9.981e-05 pi-change     0.05144  step=2
it4     f=     51.19609223  change=   2.896e-06 pi-change     0.01035  step=2
it6     f=     51.19658876  change=   5.288e-06 pi-change     0.01102  step=2
it8     f=     51.19851590  change=   2.712e-05 pi-change     0.03649  step=2
it10    f=     51.20448207  change=   8.486e-05 pi-change     0.04884  step=2
it20    f=     51.24965628  change=   5.990e-09 pi-change    0.001166  step=2
it30    f=     51.24965776  change=   2.724e-09 pi-change   0.0002640  step=2
it40    f=     51.24965887  change=   2.699e-09 pi-change   0.0002639  step=2
it50    f=     51.24965997  change=   2.676e-09 pi-change   0.0002638  step=2
it60    f=     51.24966105  change=   2.653e-09 pi-change   0.0002636  step=2
it70    f=     51.24966213  change=   2.630e-09 pi-change   0.0002634  step=2
it80    f=     51.24966320  change=   2.608e-09 pi-change   0.0002633  step=2
it90    f=     51.24966426  change=   2.586e-09 pi-change   0.0002631  step=2
it100   f=     51.24966531  change=   2.564e-09 pi-change   0.0002629  step=2
it200   f=     51.24967532  change=   2.371e-09 pi-change   0.0002614  step=2
it300   f=     51.24968749  change=   2.057e-09 pi-change   0.0001952  step=2
it400   f=     51.24969587  change=   1.979e-09 pi-change   0.0001972  step=2
it500   f=     51.24970502  change=   1.694e-09 pi-change   0.0001314  step=2
it600   f=     51.24971238  change=   1.638e-09 pi-change   0.0001324  step=2
it700   f=     51.24971939  change=   1.593e-09 pi-change   0.0001333  step=2
it800   f=     51.24972609  change=   1.557e-09 pi-change   0.0001340  step=2
it900   f=     51.24973254  change=   1.530e-09 pi-change   0.0001347  step=2
it1000  f=     51.24973878  change=   1.509e-09 pi-change   0.0001352  step=2
it2000  f=     51.24980043  change=   9.903e-10 pi-change   3.807e-05  step=2
it3000  f=     51.24987521  change=   1.798e-09 pi-change   4.831e-05  step=2
it4000  f=     51.25007550  change=   8.008e-09 pi-change   8.818e-05  step=2
it4761  f=     51.25255787  change=   9.369e-14 pi-change   9.754e-07  step=2
Strong convergence
Cointegration L1Std M=1000 Res=6 eps=1e-12, alpha-beta switching
     iters   updates   logliks  failures     below    CPU(s)
      3019      3019     12329       234      .NaN    187.52


6 ######### rank 3

SWITCHING ALGORITHM v2.0, eps=1e-12 line search=LUser1
start   f=     47.52820674
it1     f=     51.19056309  change=     0.07547 pi-change      0.2188  step=0.999986
it2     f=     51.19579912  change=   0.0001003 pi-change     0.04593  step=1.78169
it4     f=     51.19619262  change=   5.778e-06 pi-change    0.004150  step=5.46864
it6     f=     51.19782863  change=   2.012e-05 pi-change    0.009347  step=1.66198
it8     f=     51.20476703  change=   9.268e-05 pi-change     0.04002  step=1.48282
it10    f=     51.23085111  change=   0.0002899 pi-change      0.3577  step=1.80642
it20    f=     51.24958761  change=   2.591e-07 pi-change    0.001321  step=2.49817
it30    f=     51.24971131  change=   1.471e-07 pi-change   0.0006698  step=1.94736
it40    f=     51.24976100  change=   6.688e-08 pi-change   7.547e-05  step=1.95519
it50    f=     51.24978748  change=   4.130e-08 pi-change   1.874e-05  step=1.96569
it60    f=     51.24980588  change=   3.157e-08 pi-change   2.440e-05  step=1.97247
it70    f=     51.24982116  change=   2.796e-08 pi-change   2.412e-05  step=1.97691
it80    f=     51.24983551  change=   2.741e-08 pi-change   2.422e-05  step=1.97978
it90    f=     51.24985016  change=   2.881e-08 pi-change   2.562e-05  step=1.98165
it100   f=     51.24986601  change=   3.181e-08 pi-change   2.828e-05  step=1.98294
it200   f=     51.25105594  change=   1.302e-06 pi-change    0.001160  step=1.95846
it231   f=     51.25255787  change=       0.000 pi-change       0.000  step=0
Weak convergence (downward step or stalled in line search)
Cointegration LUser1 M=1000 Res=6 eps=1e-12 Least squares line search, alpha-beta switching
     iters   updates   logliks  failures     below    CPU(s)
       684       684      1369         0      .NaN     48.96


6 ######### rank 3

SWITCHING ALGORITHM v2.0, eps=1e-12 line search=LUser2
start   f=     47.52820674
it1     f=     51.19056293  change=     0.07547 pi-change      0.2188
it2     f=     51.19580266  change=   0.0001004 pi-change     0.05274  step=2
it4     f=     51.19638057  change=   9.395e-06 pi-change    0.009369  step=8
it6     f=     51.22605527  change=   0.0004664 pi-change      0.1987  step=2
it8     f=     51.24859914  change=   0.0001778 pi-change      0.5431  step=2
it10    f=     51.24966058  change=   3.065e-06 pi-change    0.008662  step=1.2
it20    f=     51.24972217  change=   3.495e-07 pi-change    0.003074  step=2
it30    f=     51.25021113  change=   9.252e-09 pi-change   8.412e-05  step=8
it40    f=     51.25021597  change=   9.337e-09 pi-change   4.847e-06  step=8
it50    f=     51.25022090  change=   9.525e-09 pi-change   5.695e-06  step=8
it60    f=     51.25022594  change=   9.718e-09 pi-change   5.776e-06  step=8
it70    f=     51.25023107  change=   9.917e-09 pi-change   5.851e-06  step=8
it80    f=     51.25023631  change=   1.012e-08 pi-change   5.927e-06  step=8
it90    f=     51.25024166  change=   1.033e-08 pi-change   6.004e-06  step=8
it100   f=     51.25024712  change=   1.055e-08 pi-change   6.081e-06  step=8
it200   f=     51.25030876  change=   1.316e-08 pi-change   7.009e-06  step=8
it213   f=     51.25035327  change=       0.000 pi-change       0.000  step=0
Weak convergence (downward step or stalled in line search)
Cointegration LUser2 M=1000 Res=6 eps=1e-12 Beta line search, alpha-beta switching
     iters   updates   logliks  failures     below    CPU(s)
       135       135       597         2      .NaN     13.35


7 ######### rank 3

SWITCHING ALGORITHM v2.0, eps=1e-12 line search=None
start   f=     48.47403563
it1     f=     51.19979623  change=     0.05509 pi-change       2.215
it2     f=     51.21627627  change=   0.0003157 pi-change     0.05001
it4     f=     51.21972561  change=   2.071e-05 pi-change    0.007254
it6     f=     51.22088853  change=   9.168e-06 pi-change    0.003623
it8     f=     51.22151003  change=   5.149e-06 pi-change    0.002536
it10    f=     51.22188911  change=   3.226e-06 pi-change    0.001889
it20    f=     51.22260925  change=   6.546e-07 pi-change   0.0006949
it30    f=     51.22280322  change=   2.253e-07 pi-change   0.0003642
it40    f=     51.22287837  change=   9.687e-08 pi-change   0.0002222
it50    f=     51.22291283  change=   4.702e-08 pi-change   0.0001474
it60    f=     51.22293024  change=   2.460e-08 pi-change   0.0001029
it70    f=     51.22293959  change=   1.353e-08 pi-change   7.436e-05
it80    f=     51.22294483  change=   7.706e-09 pi-change   5.503e-05
it90    f=     51.22294785  change=   4.500e-09 pi-change   4.144e-05
it100   f=     51.22294963  change=   2.678e-09 pi-change   3.160e-05
it200   f=     51.22295238  change=   2.263e-11 pi-change   2.798e-06
it268   f=     51.22295240  change=   9.962e-13 pi-change   5.852e-07
Strong convergence
Warning: eigensymgen: decomposition failed
/Users/doornik/Documents/Papers_submitted/2017Switching/code/coint1.ox (18): RRR
Warning: eigensymgen: decomposition failed
/Users/doornik/Documents/Papers_submitted/2017Switching/code/coint1.ox (18): RRR
Warning: eigensymgen: decomposition failed
/Users/doornik/Documents/Papers_submitted/2017Switching/code/coint1.ox (18): RRR
Warning: eigensymgen: decomposition failed
/Users/doornik/Documents/Papers_submitted/2017Switching/code/coint1.ox (18): RRR
Warning: eigensymgen: decomposition failed
/Users/doornik/Documents/Papers_submitted/2017Switching/code/coint1.ox (18): RRR
Warning: eigensymgen: decomposition failed
/Users/doornik/Documents/Papers_submitted/2017Switching/code/coint1.ox (18): RRR
Warning: eigensymgen: decomposition failed
/Users/doornik/Documents/Papers_submitted/2017Switching/code/coint1.ox (18): RRR
Warning: eigensymgen: decomposition failed
/Users/doornik/Documents/Papers_submitted/2017Switching/code/coint1.ox (18): RRR
Warning: eigensymgen: decomposition failed
/Users/doornik/Documents/Papers_submitted/2017Switching/code/coint1.ox (18): RRR
Warning: eigensymgen: decomposition failed
/Users/doornik/Documents/Papers_submitted/2017Switching/code/coint1.ox (18): RRR
Warning: eigensymgen: decomposition failed
/Users/doornik/Documents/Papers_submitted/2017Switching/code/coint1.ox (18): RRR
Warning: eigensymgen: decomposition failed
/Users/doornik/Documents/Papers_submitted/2017Switching/code/coint1.ox (18): RRR
Warning: eigensymgen: decomposition failed
/Users/doornik/Documents/Papers_submitted/2017Switching/code/coint1.ox (18): RRR
Warning: eigensymgen: decomposition failed
/Users/doornik/Documents/Papers_submitted/2017Switching/code/coint1.ox (18): RRR
Warning: eigensymgen: decomposition failed
/Users/doornik/Documents/Papers_submitted/2017Switching/code/coint1.ox (18): RRR
Warning: eigensymgen: decomposition failed
/Users/doornik/Documents/Papers_submitted/2017Switching/code/coint1.ox (18): RRR
Warning: eigensymgen: decomposition failed
/Users/doornik/Documents/Papers_submitted/2017Switching/code/coint1.ox (18): RRR
Warning: eigensymgen: decomposition failed
/Users/doornik/Documents/Papers_submitted/2017Switching/code/coint1.ox (18): RRR
Warning: eigensymgen: decomposition failed
/Users/doornik/Documents/Papers_submitted/2017Switching/code/coint1.ox (18): RRR
Warning: eigensymgen: decomposition failed
/Users/doornik/Documents/Papers_submitted/2017Switching/code/coint1.ox (18): RRR
Warning: eigensymgen: decomposition failed
/Users/doornik/Documents/Papers_submitted/2017Switching/code/coint1.ox (18): RRR
Warning: eigensymgen: decomposition failed
/Users/doornik/Documents/Papers_submitted/2017Switching/code/coint1.ox (18): RRR
Warning: eigensymgen: decomposition failed
/Users/doornik/Documents/Papers_submitted/2017Switching/code/coint1.ox (18): RRR
Warning: eigensymgen: decomposition failed
/Users/doornik/Documents/Papers_submitted/2017Switching/code/coint1.ox (18): RRR
Cointegration None M=1000 Res=7 eps=1e-12, beta switching
     iters   updates   logliks  failures     below    CPU(s)
      3479      3479      3480       307      .NaN    187.16


7 ######### rank 3

SWITCHING ALGORITHM v2.0, eps=1e-12 line search=LUser2
start   f=     48.47403563
it1     f=     51.19979623  change=     0.05509 pi-change       2.215
it2     f=     51.21627627  change=   0.0003157 pi-change     0.05001
it4     f=     51.22072427  change=   5.614e-06 pi-change     0.01335
it6     f=     51.22281417  change=   5.531e-07 pi-change    0.003660
it8     f=     51.22293902  change=   1.042e-06 pi-change    0.006999  step=4
it10    f=     51.22295017  change=   9.251e-09 pi-change   0.0005471  step=2
it19    f=     51.22295240  change=   5.510e-14 pi-change   7.977e-07  step=1.1
Strong convergence
Warning: eigensymgen: decomposition failed
/Users/doornik/Documents/Papers_submitted/2017Switching/code/coint1.ox (18): RRR
Warning: eigensymgen: decomposition failed
/Users/doornik/Documents/Papers_submitted/2017Switching/code/coint1.ox (18): RRR
Warning: eigensymgen: decomposition failed
/Users/doornik/Documents/Papers_submitted/2017Switching/code/coint1.ox (18): RRR
Warning: eigensymgen: decomposition failed
/Users/doornik/Documents/Papers_submitted/2017Switching/code/coint1.ox (18): RRR
Warning: eigensymgen: decomposition failed
/Users/doornik/Documents/Papers_submitted/2017Switching/code/coint1.ox (18): RRR
Warning: eigensymgen: decomposition failed
/Users/doornik/Documents/Papers_submitted/2017Switching/code/coint1.ox (18): RRR
Cointegration LUser2 M=1000 Res=7 eps=1e-12 Beta line search, beta switching
     iters   updates   logliks  failures     below    CPU(s)
        24        24        97         0      .NaN      2.58


7 ######### rank 3

SWITCHING ALGORITHM v2.0, eps=1e-12 line search=LUser3
start   f=     48.47403563
it1     f=     51.19979623  change=     0.05509 pi-change       2.215
it2     f=     51.21627627  change=   0.0003157 pi-change     0.05001
it4     f=     51.22072427  change=   5.614e-06 pi-change     0.01335
it6     f=     51.22278113  change=   1.029e-05 pi-change     0.02327  step=2
it8     f=     51.22293148  change=   2.501e-08 pi-change    0.001174
it10    f=     51.22295025  change=   2.764e-07 pi-change    0.001822  step=5
it17    f=     51.22295240  change=   1.769e-14 pi-change   4.044e-07
Strong convergence
Cointegration LUser3 M=1000 Res=7 eps=1e-12, beta switching
     iters   updates   logliks  failures     below    CPU(s)
        28        28        77         0      .NaN      2.43


7 ######### rank 3

SWITCHING ALGORITHM v2.0, eps=1e-12 line search=None
start   f=     48.47403563
it1     f=     51.11096089  change=     0.05330 pi-change      0.2258
it2     f=     51.11925609  change=   0.0001592 pi-change     0.03996
it4     f=     51.12142252  change=   1.254e-05 pi-change    0.005335
it6     f=     51.12631199  change=   7.013e-05 pi-change     0.04334
it8     f=     51.14024996  change=   9.660e-05 pi-change      0.1712
it10    f=     51.14158664  change=   4.829e-06 pi-change     0.03186
it20    f=     51.14210759  change=   9.628e-07 pi-change   0.0007565
it30    f=     51.14262897  change=   1.010e-06 pi-change   0.0008312
it40    f=     51.14313988  change=   9.425e-07 pi-change   0.0008733
it50    f=     51.14359713  change=   8.190e-07 pi-change   0.0008062
it60    f=     51.14398574  change=   6.858e-07 pi-change   0.0006972
it70    f=     51.14430819  change=   5.661e-07 pi-change   0.0005858
it80    f=     51.14457397  change=   4.667e-07 pi-change   0.0004877
it90    f=     51.14479372  change=   3.872e-07 pi-change   0.0004068
it100   f=     51.14497694  change=   3.243e-07 pi-change   0.0003418
it200   f=     51.14588735  change=   1.002e-07 pi-change   0.0001055
it300   f=     51.14630188  change=   7.014e-08 pi-change   7.337e-05
it400   f=     51.14671202  change=   9.913e-08 pi-change   0.0001027
it500   f=     51.14783539  change=   5.391e-07 pi-change   0.0005401
it600   f=     51.22219142  change=   4.806e-07 pi-change   0.0003756
it700   f=     51.22288483  change=   2.571e-08 pi-change   6.569e-05
it800   f=     51.22294107  change=   3.636e-09 pi-change   2.236e-05
it900   f=     51.22295010  change=   6.865e-10 pi-change   9.317e-06
it1000  f=     51.22295190  change=   1.453e-10 pi-change   4.207e-06
it1337  f=     51.22295240  change=   9.906e-13 pi-change   3.419e-07
Strong convergence
Cointegration None M=1000 Res=7 eps=1e-12, alpha-beta switching
     iters   updates   logliks  failures     below    CPU(s)
      5697      5697      5698       383      .NaN    273.64


7 ######### rank 3

SWITCHING ALGORITHM v2.0, eps=1e-12 line search=L1Step
start   f=     48.47403563
it1     f=     51.11096089  change=     0.05330 pi-change      0.2258
it2     f=     51.12004900  change=   0.0001744 pi-change     0.04783  step=1.2
it4     f=     51.12208024  change=   1.953e-05 pi-change     0.01961  step=2
it6     f=     51.14175632  change=   7.079e-05 pi-change      0.2848  step=2
it8     f=     51.14212888  change=   3.788e-06 pi-change     0.04321  step=8
it10    f=     51.14302534  change=   9.184e-06 pi-change     0.02473  step=1.2
it20    f=     51.14544132  change=   2.342e-06 pi-change    0.005822  step=4
it30    f=     51.14621132  change=   1.055e-06 pi-change    0.002665  step=4
it40    f=     51.14685260  change=   1.742e-06 pi-change   0.0004887  step=1.2
it50    f=     51.15385713  change=   3.255e-05 pi-change     0.02773  step=2
it60    f=     51.22174177  change=   2.087e-05 pi-change     0.01415  step=2
it70    f=     51.22295240  change=   7.933e-11 pi-change   4.633e-05  step=1.2
it74    f=     51.22295240  change=   1.101e-13 pi-change   4.412e-07  step=1.1
Strong convergence
Cointegration L1Step M=1000 Res=7 eps=1e-12, alpha-beta switching
     iters   updates   logliks  failures     below    CPU(s)
       752       752      3007         1      .NaN     51.54


7 ######### rank 3

SWITCHING ALGORITHM v2.0, eps=1e-12 line search=L1Std
start   f=     48.47403563
it1     f=     51.11096089  change=     0.05330 pi-change      0.2258
it2     f=     51.12004900  change=   0.0001744 pi-change     0.04783  step=1.2
it4     f=     51.12462963  change=   6.682e-05 pi-change     0.04985  step=2
it6     f=     51.14148296  change=   4.521e-05 pi-change      0.1178  step=1.2
it8     f=     51.14201149  change=   1.920e-06 pi-change    0.009217  step=2
it10    f=     51.14221611  change=   1.931e-06 pi-change    0.001792  step=2
it20    f=     51.14324946  change=   1.821e-06 pi-change    0.001424  step=2
it30    f=     51.14406787  change=   1.322e-06 pi-change    0.003446  step=2
it40    f=     51.14463060  change=   9.281e-07 pi-change    0.005144  step=2
it50    f=     51.14520160  change=   7.297e-07 pi-change    0.004812  step=1.2
it60    f=     51.14560138  change=   1.233e-06 pi-change    0.002364  step=8
it70    f=     51.14586184  change=   1.590e-07 pi-change    0.004050
it80    f=     51.14602833  change=   8.891e-08 pi-change    0.003302  step=1.2
it90    f=     51.14623827  change=   1.739e-07 pi-change    0.005907  step=1.2
it100   f=     51.14639285  change=   1.533e-07 pi-change   0.0004578  step=2
it200   f=     51.22286084  change=   1.142e-07 pi-change    0.001957  step=4
it300   f=     51.22295153  change=   5.455e-10 pi-change   0.0001887  step=2
it400   f=     51.22295239  change=   7.252e-12 pi-change   1.228e-05  step=2
it486   f=     51.22295240  change=   7.128e-13 pi-change   8.024e-07  step=8
Strong convergence
Cointegration L1Std M=1000 Res=7 eps=1e-12, alpha-beta switching
     iters   updates   logliks  failures     below    CPU(s)
      3601      3601     14439       219      .NaN    233.99


7 ######### rank 3

SWITCHING ALGORITHM v2.0, eps=1e-12 line search=LUser1
start   f=     48.47403563
it1     f=     51.11096289  change=     0.05330 pi-change      0.2258  step=0.999849
it2     f=     51.12066197  change=   0.0001861 pi-change     0.06092  step=1.53508
it4     f=     51.12271171  change=   2.925e-05 pi-change     0.02004  step=1.68462
it6     f=     51.14182036  change=   0.0001220 pi-change      0.2867  step=1.48254
it8     f=     51.14212955  change=   1.999e-06 pi-change     0.01831  step=2.46545
it10    f=     51.14285477  change=   8.420e-06 pi-change    0.008195  step=1.75903
it20    f=     51.14550387  change=   2.423e-06 pi-change    0.002366  step=1.81145
it30    f=     51.14623630  change=   9.765e-07 pi-change    0.001021  step=1.88788
it40    f=     51.14674918  change=   1.189e-06 pi-change    0.001263  step=1.9852
it50    f=     51.14955858  change=   2.088e-05 pi-change     0.01659  step=2.61441
it60    f=     51.21692030  change=   1.408e-05 pi-change     0.02358  step=1.58448
it70    f=     51.22295145  change=   1.021e-07 pi-change    0.001482  step=1.61112
it75    f=     51.22295240  change=   4.408e-14 pi-change   8.414e-07  step=1.13948
Strong convergence
Cointegration LUser1 M=1000 Res=7 eps=1e-12 Least squares line search, alpha-beta switching
     iters   updates   logliks  failures     below    CPU(s)
       842       842      1686         1      .NaN     66.68


7 ######### rank 3

SWITCHING ALGORITHM v2.0, eps=1e-12 line search=LUser2
start   f=     48.47403563
it1     f=     51.11096089  change=     0.05330 pi-change      0.2258
it2     f=     51.12027578  change=   0.0001788 pi-change     0.08277  step=2
it4     f=     51.12704553  change=   0.0001127 pi-change     0.07745  step=8
it6     f=     51.14193196  change=   5.093e-06 pi-change    0.006650
it8     f=     51.14241304  change=   6.042e-06 pi-change     0.02117  step=4
it10    f=     51.14534242  change=   1.984e-05 pi-change     0.07936  step=2
it20    f=     51.14662578  change=   1.926e-06 pi-change   0.0007245  step=8
it30    f=     51.14676428  change=   1.269e-07 pi-change   0.0001316  step=8
it40    f=     51.14683479  change=   1.427e-07 pi-change   0.0001477  step=8
it50    f=     51.14691494  change=   1.636e-07 pi-change   0.0001690  step=8
it60    f=     51.14700806  change=   1.921e-07 pi-change   0.0001979  step=8
it70    f=     51.14711909  change=   2.320e-07 pi-change   0.0002383  step=8
it80    f=     51.14725577  change=   2.902e-07 pi-change   0.0002968  step=8
it90    f=     51.14743098  change=   3.797e-07 pi-change   0.0003863  step=8
it100   f=     51.14766808  change=   5.282e-07 pi-change   0.0005334  step=8
it200   f=     51.22243369  change=   3.474e-07 pi-change   0.0003276  step=8
it206   f=     51.22252021  change=       0.000 pi-change       0.000  step=0
Weak convergence (downward step or stalled in line search)
Cointegration LUser2 M=1000 Res=7 eps=1e-12 Beta line search, alpha-beta switching
     iters   updates   logliks  failures     below    CPU(s)
       131       131       593         1      .NaN     15.18


10 ######### rank 3

SWITCHING ALGORITHM v2.0, eps=1e-12 line search=None
start   f=     46.86270660
it1     f=     51.15052775  change=     0.08959 pi-change      0.8699
it2     f=     51.16460470  change=   0.0002699 pi-change      0.3904
it4     f=     51.17761925  change=   8.109e-05 pi-change      0.1389
it6     f=     51.18098890  change=   2.459e-05 pi-change     0.07843
it8     f=     51.18292255  change=   1.783e-05 pi-change     0.07275
it10    f=     51.18486111  change=   1.901e-05 pi-change     0.06704
it20    f=     51.19035400  change=   1.519e-06 pi-change     0.02303
it30    f=     51.19047277  change=   1.226e-08 pi-change    0.001434
it40    f=     51.19047589  change=   4.966e-09 pi-change   0.0001025
it50    f=     51.19047846  change=   4.925e-09 pi-change   2.444e-05
it60    f=     51.19048104  change=   4.953e-09 pi-change   1.995e-05
it70    f=     51.19048364  change=   4.983e-09 pi-change   1.976e-05
it80    f=     51.19048624  change=   5.014e-09 pi-change   1.981e-05
it90    f=     51.19048887  change=   5.045e-09 pi-change   1.988e-05
it100   f=     51.19049151  change=   5.076e-09 pi-change   1.996e-05
it200   f=     51.19051886  change=   5.404e-09 pi-change   2.070e-05
it300   f=     51.19054800  change=   5.764e-09 pi-change   2.149e-05
it400   f=     51.19057910  change=   6.158e-09 pi-change   2.233e-05
it500   f=     51.19061237  change=   6.592e-09 pi-change   2.323e-05
it600   f=     51.19064801  change=   7.070e-09 pi-change   2.418e-05
it700   f=     51.19068628  change=   7.599e-09 pi-change   2.520e-05
it800   f=     51.19072746  change=   8.186e-09 pi-change   2.628e-05
it900   f=     51.19077188  change=   8.839e-09 pi-change   2.745e-05
it1000  f=     51.19081989  change=   9.568e-09 pi-change   2.870e-05
it2000  f=     51.19163982  change=   2.538e-08 pi-change   5.401e-05
it3000  f=     51.19467164  change=   1.262e-07 pi-change   0.0001812
it4000  f=     51.23181500  change=   1.352e-06 pi-change    0.001708
it5000  f=     51.23788651  change=   1.666e-09 pi-change   1.187e-05
it6000  f=     51.23790068  change=   3.467e-12 pi-change   5.608e-07
it6200  f=     51.23790070  change=   9.989e-13 pi-change   3.013e-07
Strong convergence
Warning: eigensymgen: decomposition failed
/Users/doornik/Documents/Papers_submitted/2017Switching/code/coint1.ox (18): RRR
Warning: eigensymgen: decomposition failed
/Users/doornik/Documents/Papers_submitted/2017Switching/code/coint1.ox (18): RRR
Warning: eigensymgen: decomposition failed
/Users/doornik/Documents/Papers_submitted/2017Switching/code/coint1.ox (18): RRR
Cointegration None M=1000 Res=10 eps=1e-12, beta switching
     iters   updates   logliks  failures     below    CPU(s)
        50        50        51         2      .NaN      7.10


10 ######### rank 3

SWITCHING ALGORITHM v2.0, eps=1e-12 line search=LUser2
start   f=     46.86270660
it1     f=     51.15052775  change=     0.08959 pi-change      0.8699
it2     f=     51.17428086  change=   0.0004555 pi-change      0.5228  step=2
it4     f=     51.18090765  change=   5.098e-05 pi-change      0.2084  step=2
it6     f=     51.18430440  change=   2.380e-05 pi-change     0.04364
it8     f=     51.18896591  change=   3.323e-05 pi-change      0.3206  step=2
it10    f=     51.19045322  change=   1.488e-06 pi-change     0.02571  step=1.2
it20    f=     51.20122302  change=   6.851e-05 pi-change     0.09642
it30    f=     51.23747914  change=   3.439e-06 pi-change     0.02911  step=8
it40    f=     51.23758191  change=   1.896e-07 pi-change    0.002098  step=2
it50    f=     51.23787368  change=   5.997e-08 pi-change    0.004766  step=8
it60    f=     51.23790070  change=   2.308e-13 pi-change   5.030e-06
it69    f=     51.23790070  change=   8.705e-15 pi-change   1.882e-07  step=1.1
Strong convergence
Warning: eigensymgen: decomposition failed
/Users/doornik/Documents/Papers_submitted/2017Switching/code/coint1.ox (18): RRR
Warning: eigensymgen: decomposition failed
/Users/doornik/Documents/Papers_submitted/2017Switching/code/coint1.ox (18): RRR
Cointegration LUser2 M=1000 Res=10 eps=1e-12 Beta line search, beta switching
     iters   updates   logliks  failures     below    CPU(s)
        11        11        47         0      .NaN      1.22


10 ######### rank 3

SWITCHING ALGORITHM v2.0, eps=1e-12 line search=LUser3
start   f=     46.86270660
it1     f=     51.15052775  change=     0.08959 pi-change      0.8699
it2     f=     51.17428086  change=   0.0004555 pi-change      0.5228  step=2
it4     f=     51.18072511  change=   6.827e-05 pi-change      0.2031  step=2
it6     f=     51.18384181  change=   2.457e-05 pi-change     0.04473
it8     f=     51.18918283  change=   4.391e-05 pi-change      0.2205  step=1.50418
it10    f=     51.19046713  change=   5.407e-06 pi-change     0.01071
it20    f=     51.19072662  change=   4.086e-08 pi-change    0.003393  step=5
it30    f=     51.21997573  change=   8.559e-06 pi-change      0.1407
it40    f=     51.23755335  change=   1.262e-07 pi-change    0.002442  step=5
it50    f=     51.23782246  change=   7.674e-07 pi-change    0.003752  step=1.64496
it60    f=     51.23786856  change=   7.508e-09 pi-change   0.0008041  step=2.36376
it70    f=     51.23789781  change=   7.563e-08 pi-change    0.001985  step=5
it80    f=     51.23789968  change=   4.360e-10 pi-change   9.502e-05  step=5
it90    f=     51.23790054  change=   6.754e-10 pi-change   0.0001173  step=1.30274
it100   f=     51.23790062  change=   1.516e-10 pi-change   0.0001083  step=3.27652
it122   f=     51.23790070  change=   1.605e-14 pi-change   1.646e-07
Strong convergence
Warning: eigensymgen: decomposition failed
/Users/doornik/Documents/Papers_submitted/2017Switching/code/coint1.ox (18): RRR
Warning: eigensymgen: decomposition failed
/Users/doornik/Documents/Papers_submitted/2017Switching/code/coint1.ox (18): RRR
Cointegration LUser3 M=1000 Res=10 eps=1e-12, beta switching
     iters   updates   logliks  failures     below    CPU(s)
        12        12        30         0      .NaN      1.11


10 ######### rank 3

SWITCHING ALGORITHM v2.0, eps=1e-12 line search=None
start   f=     46.86270660
it1     f=     51.04728181  change=     0.08743 pi-change      0.4565
it2     f=     51.04835747  change=   2.067e-05 pi-change     0.06548
it4     f=     51.04872868  change=   3.170e-06 pi-change     0.01021
it6     f=     51.04904973  change=   3.080e-06 pi-change    0.007539
it8     f=     51.04937008  change=   3.076e-06 pi-change    0.006833
it10    f=     51.04968928  change=   3.063e-06 pi-change    0.006370
it20    f=     51.05126429  change=   3.020e-06 pi-change    0.004876
it30    f=     51.05291173  change=   3.385e-06 pi-change    0.004477
it40    f=     51.05506273  change=   5.110e-06 pi-change    0.005706
it50    f=     51.06005160  change=   1.779e-05 pi-change     0.01547
it60    f=     51.15848439  change=   0.0006478 pi-change      0.1600
it70    f=     51.23770307  change=   1.790e-06 pi-change     0.01137
it80    f=     51.23789614  change=   3.917e-08 pi-change    0.001737
it90    f=     51.23790059  change=   9.869e-10 pi-change   0.0002861
it100   f=     51.23790070  change=   2.607e-11 pi-change   4.658e-05
it122   f=     51.23790070  change=   8.977e-15 pi-change   8.638e-07
Strong convergence
Cointegration None M=1000 Res=10 eps=1e-12, alpha-beta switching
     iters   updates   logliks  failures     below    CPU(s)
       198       198       199         7      .NaN     12.44


10 ######### rank 3

SWITCHING ALGORITHM v2.0, eps=1e-12 line search=L1Step
start   f=     46.86270660
it1     f=     51.04728181  change=     0.08743 pi-change      0.4565
it2     f=     51.04840380  change=   2.156e-05 pi-change     0.07868  step=1.2
it4     f=     51.04983270  change=   1.872e-05 pi-change     0.02734  step=2
it6     f=     51.05189944  change=   1.871e-05 pi-change     0.02716  step=2
it8     f=     51.05412274  change=   2.253e-05 pi-change     0.02814  step=2
it10    f=     51.05928597  change=   7.160e-05 pi-change     0.06359  step=2
it20    f=     51.23785008  change=   1.650e-06 pi-change     0.02282  step=2
it30    f=     51.23790070  change=   1.595e-12 pi-change   1.397e-05  step=2
it34    f=     51.23790070  change=   1.251e-14 pi-change   7.971e-07  step=0.99
Strong convergence
Cointegration L1Step M=1000 Res=10 eps=1e-12, alpha-beta switching
     iters   updates   logliks  failures     below    CPU(s)
        40        40       168         0      .NaN      3.08


10 ######### rank 3

SWITCHING ALGORITHM v2.0, eps=1e-12 line search=L1Std
start   f=     46.86270660
it1     f=     51.04728181  change=     0.08743 pi-change      0.4565
it2     f=     51.04840380  change=   2.156e-05 pi-change     0.07868  step=1.2
it4     f=     51.04978653  change=   1.157e-05 pi-change     0.03060
it6     f=     51.05070684  change=   7.113e-06 pi-change     0.02018  step=2
it8     f=     51.05154034  change=   7.179e-06 pi-change     0.01267  step=1.2
it10    f=     51.05299581  change=   1.046e-05 pi-change    0.009711
it20    f=     51.21592593  change=    0.001167 pi-change      0.3597  step=1.2
it30    f=     51.23790064  change=   1.769e-09 pi-change    0.001105  step=2
it40    f=     51.23790070  change=   7.889e-15 pi-change   4.771e-07  step=1.1
Strong convergence
Cointegration L1Std M=1000 Res=10 eps=1e-12, alpha-beta switching
     iters   updates   logliks  failures     below    CPU(s)
       152       152       639        11      .NaN     13.76


10 ######### rank 3

SWITCHING ALGORITHM v2.0, eps=1e-12 line search=LUser1
start   f=     46.86270660
it1     f=     51.04729359  change=     0.08743 pi-change      0.4568  step=1.00039
it2     f=     51.04840554  change=   2.136e-05 pi-change     0.08208  step=1.25358
it4     f=     51.04998542  change=   2.147e-05 pi-change     0.06035  step=3.18536
it6     f=     51.05277587  change=   2.631e-05 pi-change     0.03281  step=2.03429
it8     f=     51.05603424  change=   3.491e-05 pi-change     0.03825  step=2.222
it10    f=     51.06296417  change=   8.219e-05 pi-change     0.07420  step=2.06891
it20    f=     51.23789806  change=   3.032e-07 pi-change     0.01781  step=1.18725
it30    f=     51.23790070  change=   7.876e-12 pi-change   1.752e-05  step=1.47015
it40    f=     51.23790070  change=   5.577e-15 pi-change   1.051e-06  step=1.70883
it42    f=     51.23790070  change=   2.040e-15 pi-change   8.369e-07  step=1.72332
Strong convergence
Cointegration LUser1 M=1000 Res=10 eps=1e-12 Least squares line search, alpha-beta switching
     iters   updates   logliks  failures     below    CPU(s)
        50        50       102         0      .NaN      4.78


10 ######### rank 3

SWITCHING ALGORITHM v2.0, eps=1e-12 line search=LUser2
start   f=     46.86270660
it1     f=     51.04728181  change=     0.08743 pi-change      0.4565
it2     f=     51.04840977  change=   2.167e-05 pi-change     0.07271  step=1.2
it4     f=     51.04997938  change=   2.266e-05 pi-change     0.08686  step=4
it6     f=     51.05486245  change=   2.455e-05 pi-change     0.02171  step=1.2
it8     f=     51.05786478  change=   3.546e-05 pi-change     0.03790  step=2
it10    f=     51.06786670  change=   0.0001291 pi-change      0.1143  step=2
it20    f=     51.23788729  change=   1.662e-07 pi-change    0.002822  step=1.2
it30    f=     51.23790070  change=   2.147e-12 pi-change   6.844e-05  step=2
it35    f=     51.23790070  change=   9.521e-16 pi-change   8.711e-07  step=0.99
Strong convergence
Cointegration LUser2 M=1000 Res=10 eps=1e-12 Beta line search, alpha-beta switching
     iters   updates   logliks  failures     below    CPU(s)
        28        28       125         0      .NaN      3.17


6 ######### rank 3

SWITCHING ALGORITHM v2.0, eps=1e-12 line search=L1QStep
start   f=     47.52820674
it1     f=     51.19056293  change=     0.07547 pi-change      0.2188
it2     f=     51.19577182  change=   9.981e-05 pi-change     0.05144  step=2
it4     f=     51.19617879  change=   5.487e-06 pi-change    0.007940  step=5
it6     f=     51.19744266  change=   1.510e-05 pi-change     0.01025  step=2
it8     f=     51.20206540  change=   4.630e-05 pi-change     0.01943  step=2
it10    f=     51.21928784  change=   0.0002299 pi-change     0.09330
it20    f=     51.24961456  change=   7.134e-09 pi-change    0.001097  step=2
it30    f=     51.24969906  change=   1.557e-07 pi-change    0.001212  step=2
it40    f=     51.24976142  change=   9.816e-08 pi-change   6.401e-05  step=2
it50    f=     51.24979685  change=   5.142e-08 pi-change   4.757e-05  step=2
it60    f=     51.24981974  change=   3.549e-08 pi-change   3.396e-05  step=2
it70    f=     51.24983765  change=   2.745e-08 pi-change   2.426e-05  step=2
it80    f=     51.24985339  change=   3.227e-08 pi-change   2.993e-05  step=2
it90    f=     51.24986913  change=   2.787e-08 pi-change   2.539e-05  step=2
it100   f=     51.24988632  change=   3.725e-08 pi-change   3.390e-05  step=2
it200   f=     51.25193055  change=   1.463e-06 pi-change    0.002809  step=2
it228   f=     51.25255787  change=   2.040e-15 pi-change   3.108e-07
Strong convergence
Cointegration L1QStep M=1000 Res=6 eps=1e-12, alpha-beta switching
     iters   updates   logliks  failures     below    CPU(s)
       550       550      1507         1      .NaN     34.16


6 ######### rank 3

SWITCHING ALGORITHM v2.0, eps=1e-12 line search=LUser2
start   f=     47.52820674
it1     f=     51.19056293  change=     0.07547 pi-change      0.2188
it2     f=     51.19580266  change=   0.0001004 pi-change     0.05274  step=2
it4     f=     51.19638057  change=   9.395e-06 pi-change    0.009369  step=8
it6     f=     51.22605527  change=   0.0004664 pi-change      0.1987  step=2
it8     f=     51.24859914  change=   0.0001778 pi-change      0.5431  step=2
it10    f=     51.24966058  change=   3.065e-06 pi-change    0.008662  step=1.2
it20    f=     51.24972217  change=   3.495e-07 pi-change    0.003074  step=2
it30    f=     51.25021113  change=   9.252e-09 pi-change   8.412e-05  step=8
it40    f=     51.25021597  change=   9.337e-09 pi-change   4.847e-06  step=8
it50    f=     51.25022090  change=   9.525e-09 pi-change   5.695e-06  step=8
it60    f=     51.25022594  change=   9.718e-09 pi-change   5.776e-06  step=8
it70    f=     51.25023107  change=   9.917e-09 pi-change   5.851e-06  step=8
it80    f=     51.25023631  change=   1.012e-08 pi-change   5.927e-06  step=8
it90    f=     51.25024166  change=   1.033e-08 pi-change   6.004e-06  step=8
it100   f=     51.25024712  change=   1.055e-08 pi-change   6.081e-06  step=8
it200   f=     51.25030876  change=   1.316e-08 pi-change   7.009e-06  step=8
it213   f=     51.25035327  change=       0.000 pi-change       0.000  step=0
Weak convergence (downward step or stalled in line search)
Cointegration LUser2 M=1000 Res=6 eps=1e-12 Beta line search, alpha-beta switching
     iters   updates   logliks  failures     below    CPU(s)
       135       135       597         2      .NaN     14.73


6 ######### rank 3

SWITCHING ALGORITHM v2.0, eps=1e-12 line search=LUser3
start   f=     47.52820674
it1     f=     51.19056293  change=     0.07547 pi-change      0.2188
it2     f=     51.19580266  change=   0.0001004 pi-change     0.05274  step=2
it4     f=     51.19622072  change=   6.332e-06 pi-change    0.005855  step=5
it6     f=     51.20795824  change=   0.0001673 pi-change     0.06261  step=2
it8     f=     51.24550180  change=   0.0002597 pi-change       1.191  step=2
it10    f=     51.24963368  change=   1.328e-05 pi-change     0.03346  step=1.67235
it20    f=     51.24981781  change=   1.600e-06 pi-change    0.003955  step=5
it30    f=     51.25016192  change=   9.955e-08 pi-change   0.0002202  step=2.50076
it40    f=     51.25018060  change=   2.191e-08 pi-change   1.634e-05  step=2.50097
it50    f=     51.25019176  change=   2.157e-08 pi-change   1.347e-05  step=2.50099
it60    f=     51.25020332  change=   2.262e-08 pi-change   1.388e-05  step=2.50102
it70    f=     51.25021547  change=   2.378e-08 pi-change   1.435e-05  step=2.50104
it80    f=     51.25022825  change=   2.502e-08 pi-change   1.483e-05  step=2.50107
it90    f=     51.25024170  change=   2.636e-08 pi-change   1.532e-05  step=2.50109
it100   f=     51.25025589  change=   2.781e-08 pi-change   1.583e-05  step=2.50112
it200   f=     51.25045511  change=   5.171e-08 pi-change   3.035e-05  step=2.50145
it300   f=     51.25086505  change=   1.152e-07 pi-change   8.695e-05  step=2.50169
it400   f=     51.25177039  change=   2.164e-07 pi-change   0.0003437  step=2.49901
it500   f=     51.25248538  change=   4.328e-08 pi-change   0.0004250  step=2.49248
it600   f=     51.25255503  change=   1.828e-09 pi-change   9.776e-05  step=2.49167
it700   f=     51.25255777  change=   6.659e-11 pi-change   1.889e-05  step=2.49163
it800   f=     51.25255787  change=   1.321e-12 pi-change   1.857e-06  step=4
it832   f=     51.25255787  change=   5.241e-13 pi-change   9.502e-07
Strong convergence
Cointegration LUser3 M=1000 Res=6 eps=1e-12, alpha-beta switching
     iters   updates   logliks  failures     below    CPU(s)
       288       288       831         3      .NaN     24.17


6 ######### rank 3

SWITCHING ALGORITHM v2.0, eps=1e-12 line search=LBrent
start   f=     47.52820674
it1     f=     51.19056293  change=     0.07547 pi-change      0.2188
it2     f=     51.19580266  change=   0.0001004 pi-change     0.04638  step=1.79931
it4     f=     51.19622408  change=   6.447e-06 pi-change    0.004705  step=6.34752
it6     f=     51.19808075  change=   2.448e-05 pi-change     0.01049  step=1.5
it8     f=     51.20560949  change=   9.976e-05 pi-change     0.04307  step=1.5
it10    f=     51.23059846  change=   0.0002572 pi-change      0.2574  step=1.5
it20    f=     51.24956969  change=   4.130e-08 pi-change    0.003451  step=5.53673
it30    f=     51.24969237  change=   1.785e-07 pi-change    0.001719  step=1.5
it40    f=     51.24974515  change=   5.824e-08 pi-change   0.0002228  step=1.5
it50    f=     51.24977250  change=   3.886e-08 pi-change   0.0003783  step=2.3303
it60    f=     51.24979699  change=   4.032e-08 pi-change   0.0002479  step=1.5
it70    f=     51.24981451  change=   3.028e-08 pi-change   9.744e-05  step=2.66389
it80    f=     51.24983132  change=   2.945e-08 pi-change   0.0001662  step=2.78022
it90    f=     51.24984694  change=   3.125e-08 pi-change   0.0001129  step=2.71274
it100   f=     51.24986372  change=   3.332e-08 pi-change   8.615e-05  step=2.76535
it200   f=     51.25165483  change=   2.656e-06 pi-change    0.004976  step=1.5
it227   f=     51.25255787  change=   1.768e-15 pi-change   1.420e-07
Strong convergence
Cointegration LBrent M=1000 Res=6 eps=1e-12, alpha-beta switching
     iters   updates   logliks  failures     below    CPU(s)
       677       677      3031         2      .NaN     49.33


6 ######### rank 3

SWITCHING ALGORITHM v2.0, eps=1e-12 line search=LBrentStd
start   f=     47.52820674
it1     f=     51.19056293  change=     0.07547 pi-change      0.2188
it2     f=     51.19580266  change=   0.0001004 pi-change     0.04638  step=1.79931
it4     f=     51.19612337  change=   3.439e-06 pi-change     0.01191  step=1.8346
it6     f=     51.19669319  change=   6.685e-06 pi-change     0.01718  step=2.17827
it8     f=     51.19800802  change=   1.619e-05 pi-change     0.02707  step=2.52357
it10    f=     51.20372152  change=   7.486e-05 pi-change     0.06027  step=2.22728
it20    f=     51.24964950  change=   6.588e-07 pi-change     0.01274  step=1.63064
it30    f=     51.24966394  change=   2.574e-09 pi-change   0.0001412  step=3.05595
it40    f=     51.24966512  change=   2.511e-09 pi-change   0.0001395  step=2.96684
it50    f=     51.24966630  change=   2.499e-09 pi-change   0.0001392  step=3.01683
it60    f=     51.24966746  change=   2.459e-09 pi-change   0.0001382  step=2.98808
it70    f=     51.24966860  change=   2.436e-09 pi-change   0.0001376  step=3.00466
it80    f=     51.24966974  change=   2.404e-09 pi-change   0.0001367  step=2.99497
it90    f=     51.24967087  change=   2.378e-09 pi-change   0.0001360  step=3.00069
it100   f=     51.24967198  change=   2.350e-09 pi-change   0.0001353  step=2.99729
it200   f=     51.24968260  change=   2.107e-09 pi-change   0.0001286  step=2.99861
it300   f=     51.24969235  change=   1.906e-09 pi-change   0.0001228  step=2.99869
it400   f=     51.24970141  change=   1.740e-09 pi-change   0.0001178  step=2.99876
it500   f=     51.24970988  change=   1.601e-09 pi-change   0.0001134  step=2.99883
it600   f=     51.24971785  change=   1.446e-09 pi-change   0.0001082  step=2.83981
it700   f=     51.24972514  change=   1.392e-09 pi-change   0.0001105  step=1.5
it800   f=     51.24973242  change=   1.304e-09 pi-change   0.0001105  step=1.5
it900   f=     51.24973943  change=   1.232e-09 pi-change   0.0001108  step=1.5
it1000  f=     51.24974623  change=   1.170e-09 pi-change   0.0001111  step=1.5
it2000  f=     51.24981583  change=   1.417e-09 pi-change   9.984e-05  step=3.00219
it3000  f=     51.24992023  change=   3.214e-09 pi-change   0.0001412  step=3.00131
it4000  f=     51.25060746  change=   6.260e-08 pi-change   0.0006034  step=3.00291
it4588  f=     51.25255787  change=   1.945e-14 pi-change   9.172e-07  step=1.96894
Strong convergence
Cointegration LBrentStd M=1000 Res=6 eps=1e-12, alpha-beta switching
     iters   updates   logliks  failures     below    CPU(s)
      3440      3440     14407       249      .NaN    217.48


6 ######### rank 3

SWITCHING ALGORITHM v2.0, eps=1e-12 line search=LPowell
start   f=     47.52820674
it1     f=     51.19056293  change=     0.07547 pi-change      0.2188
it2     f=     51.19577182  change=   9.981e-05 pi-change     0.05144  step=2
it4     f=     51.19617879  change=   5.487e-06 pi-change    0.007940  step=5
it6     f=     51.19803684  change=   2.974e-05 pi-change    0.008281
it8     f=     51.20283391  change=   5.990e-05 pi-change     0.02158
it10    f=     51.21767452  change=   0.0001618 pi-change     0.06975
it20    f=     51.24962509  change=   7.472e-09 pi-change   0.0004431  step=7.25
it30    f=     51.24973281  change=   1.685e-07 pi-change   0.0002033  step=2
it40    f=     51.24985369  change=   4.380e-07 pi-change    0.005937  step=2
it50    f=     51.24999449  change=   4.175e-08 pi-change    0.003753  step=3.50001
it60    f=     51.25020185  change=   4.862e-08 pi-change    0.002266  step=2.72084
it70    f=     51.25069182  change=   9.894e-08 pi-change    0.005419  step=2
it80    f=     51.25167397  change=   2.770e-07 pi-change    0.004918  step=2
it90    f=     51.25249000  change=   8.337e-07 pi-change    0.008244  step=2.73044
it100   f=     51.25255784  change=   7.600e-10 pi-change   0.0003449  step=2
it113   f=     51.25255787  change=   7.751e-15 pi-change   3.642e-07
Strong convergence
Cointegration LPowell M=1000 Res=6 eps=1e-12, alpha-beta switching
     iters   updates   logliks  failures     below    CPU(s)
      1206      1206      4207        61      .NaN     77.77


7 ######### rank 3

SWITCHING ALGORITHM v2.0, eps=1e-12 line search=L1QStep
start   f=     48.47403563
it1     f=     51.11096089  change=     0.05330 pi-change      0.2258
it2     f=     51.12067272  change=   0.0001864 pi-change     0.06281  step=1.58365
it4     f=     51.12251110  change=   2.568e-05 pi-change     0.01835  step=2
it6     f=     51.14146930  change=   0.0001151 pi-change      0.3853  step=2
it8     f=     51.14207679  change=   3.435e-06 pi-change     0.02613  step=5
it10    f=     51.14278609  change=   7.501e-06 pi-change     0.01759  step=2
it20    f=     51.14526237  change=   2.818e-06 pi-change    0.004587  step=2
it30    f=     51.14615327  change=   9.740e-07 pi-change   0.0009603  step=2
it40    f=     51.14674826  change=   1.659e-06 pi-change   0.0009264  step=1.5634
it50    f=     51.14807989  change=   4.380e-06 pi-change    0.001730  step=2
it60    f=     51.19158428  change=   0.0004256 pi-change      0.2608  step=2
it70    f=     51.22283554  change=   2.814e-06 pi-change    0.006291  step=2
it80    f=     51.22295239  change=   3.340e-12 pi-change   4.193e-06
it88    f=     51.22295240  change=   1.088e-15 pi-change   1.082e-07
Strong convergence
Cointegration L1QStep M=1000 Res=7 eps=1e-12, alpha-beta switching
     iters   updates   logliks  failures     below    CPU(s)
       708       708      1941         0      .NaN     45.69


7 ######### rank 3

SWITCHING ALGORITHM v2.0, eps=1e-12 line search=LUser2
start   f=     48.47403563
it1     f=     51.11096089  change=     0.05330 pi-change      0.2258
it2     f=     51.12027578  change=   0.0001788 pi-change     0.08277  step=2
it4     f=     51.12704553  change=   0.0001127 pi-change     0.07745  step=8
it6     f=     51.14193196  change=   5.093e-06 pi-change    0.006650
it8     f=     51.14241304  change=   6.042e-06 pi-change     0.02117  step=4
it10    f=     51.14534242  change=   1.984e-05 pi-change     0.07936  step=2
it20    f=     51.14662578  change=   1.926e-06 pi-change   0.0007245  step=8
it30    f=     51.14676428  change=   1.269e-07 pi-change   0.0001316  step=8
it40    f=     51.14683479  change=   1.427e-07 pi-change   0.0001477  step=8
it50    f=     51.14691494  change=   1.636e-07 pi-change   0.0001690  step=8
it60    f=     51.14700806  change=   1.921e-07 pi-change   0.0001979  step=8
it70    f=     51.14711909  change=   2.320e-07 pi-change   0.0002383  step=8
it80    f=     51.14725577  change=   2.902e-07 pi-change   0.0002968  step=8
it90    f=     51.14743098  change=   3.797e-07 pi-change   0.0003863  step=8
it100   f=     51.14766808  change=   5.282e-07 pi-change   0.0005334  step=8
it200   f=     51.22243369  change=   3.474e-07 pi-change   0.0003276  step=8
it206   f=     51.22252021  change=       0.000 pi-change       0.000  step=0
Weak convergence (downward step or stalled in line search)
Cointegration LUser2 M=1000 Res=7 eps=1e-12 Beta line search, alpha-beta switching
     iters   updates   logliks  failures     below    CPU(s)
       131       131       593         1      .NaN     15.05


7 ######### rank 3

SWITCHING ALGORITHM v2.0, eps=1e-12 line search=LUser3
start   f=     48.47403563
it1     f=     51.11096089  change=     0.05330 pi-change      0.2258
it2     f=     51.12076238  change=   0.0001881 pi-change     0.06734  step=1.64015
it4     f=     51.12476593  change=   7.000e-05 pi-change     0.04049  step=5
it6     f=     51.14187013  change=   3.246e-06 pi-change    0.003915
it8     f=     51.14293906  change=   1.615e-05 pi-change    0.009667  step=5
it10    f=     51.14477601  change=   1.042e-05 pi-change     0.03251  step=2
it20    f=     51.14645255  change=   3.277e-07 pi-change     0.01034  step=2
it30    f=     51.14672593  change=   3.287e-07 pi-change   0.0003397  step=2.51123
it40    f=     51.14691223  change=   4.048e-07 pi-change   0.0004177  step=2.51734
it50    f=     51.14717878  change=   6.259e-07 pi-change   0.0006405  step=2.52636
it60    f=     51.14764763  change=   1.223e-06 pi-change    0.001231  step=2.5431
it70    f=     51.14886344  change=   3.992e-06 pi-change    0.003836  step=2.59058
it80    f=     51.17034601  change=   0.0002022 pi-change      0.1295  step=3.3137
it90    f=     51.22295078  change=   1.235e-07 pi-change    0.001275
it100   f=     51.22295240  change=   1.071e-13 pi-change   2.192e-06  step=2
it101   f=     51.22295240  change=   1.088e-15 pi-change   1.060e-07
Strong convergence
Cointegration LUser3 M=1000 Res=7 eps=1e-12, alpha-beta switching
     iters   updates   logliks  failures     below    CPU(s)
       297       297       869         0      .NaN     25.06


7 ######### rank 3

SWITCHING ALGORITHM v2.0, eps=1e-12 line search=LBrent
start   f=     48.47403563
it1     f=     51.11096089  change=     0.05330 pi-change      0.2258
it2     f=     51.12064143  change=   0.0001858 pi-change     0.05955  step=1.5
it4     f=     51.12226609  change=   2.177e-05 pi-change     0.02053  step=2.3303
it6     f=     51.14182359  change=   6.386e-05 pi-change      0.2180  step=1.67196
it8     f=     51.14218375  change=   5.480e-06 pi-change     0.02310  step=7.47871
it10    f=     51.14288206  change=   7.887e-06 pi-change    0.008609  step=2.43706
it20    f=     51.14538743  change=   2.381e-06 pi-change    0.003721  step=2.64074
it30    f=     51.14620557  change=   9.711e-07 pi-change    0.001434  step=2.34896
it40    f=     51.14670059  change=   1.252e-06 pi-change    0.002255  step=3.67376
it50    f=     51.15034884  change=   1.784e-05 pi-change    0.007713  step=1.5
it60    f=     51.21758797  change=   1.078e-05 pi-change     0.01382  step=1.71896
it70    f=     51.22295224  change=   3.862e-08 pi-change    0.002266
it78    f=     51.22295240  change=   6.123e-15 pi-change   2.485e-07
Strong convergence
Cointegration LBrent M=1000 Res=7 eps=1e-12, alpha-beta switching
     iters   updates   logliks  failures     below    CPU(s)
       802       802      3604         1      .NaN     57.67


7 ######### rank 3

SWITCHING ALGORITHM v2.0, eps=1e-12 line search=LBrentStd
start   f=     48.47403563
it1     f=     51.11096089  change=     0.05330 pi-change      0.2258
it2     f=     51.12064143  change=   0.0001858 pi-change     0.05955  step=1.5
it4     f=     51.12907273  change=   0.0001483 pi-change      0.1086  step=1.5
it6     f=     51.14163469  change=   2.160e-05 pi-change     0.03927
it8     f=     51.14215486  change=   4.131e-06 pi-change     0.03635  step=6.65654
it10    f=     51.14245120  change=   1.178e-06 pi-change    0.003696  step=1.5
it20    f=     51.14426518  change=   2.324e-06 pi-change     0.01534  step=2.48712
it30    f=     51.14508413  change=   1.455e-06 pi-change    0.003818  step=6.30319
it40    f=     51.14550738  change=   6.789e-07 pi-change   0.0007153  step=4.92923
it50    f=     51.14576672  change=   4.145e-07 pi-change   0.0009390  step=4.21322
it60    f=     51.14595456  change=   3.035e-07 pi-change    0.001008  step=4.17376
it70    f=     51.14610641  change=   2.459e-07 pi-change    0.001017  step=4.19356
it80    f=     51.14622273  change=   1.726e-07 pi-change    0.001208
it90    f=     51.14633440  change=   2.157e-07 pi-change    0.001603  step=4.17376
it100   f=     51.14644707  change=   1.851e-07 pi-change    0.001338  step=1.5
it200   f=     51.22281085  change=   1.732e-07 pi-change    0.005210
it300   f=     51.22295071  change=   1.109e-09 pi-change   0.0002752  step=1.5
it400   f=     51.22295234  change=   4.492e-11 pi-change   7.763e-05  step=2.96448
it500   f=     51.22295240  change=   8.992e-13 pi-change   7.858e-06  step=1.5
it600   f=     51.22295240  change=   3.184e-14 pi-change   1.181e-06  step=1.5
it607   f=     51.22295240  change=   3.361e-14 pi-change   9.975e-07  step=2.992
Strong convergence
Cointegration LBrentStd M=1000 Res=7 eps=1e-12, alpha-beta switching
     iters   updates   logliks  failures     below    CPU(s)
      4333      4333     17711       268      .NaN    285.79


7 ######### rank 3

SWITCHING ALGORITHM v2.0, eps=1e-12 line search=LPowell
start   f=     48.47403563
it1     f=     51.11096089  change=     0.05330 pi-change      0.2258
it2     f=     51.11989641  change=   0.0001715 pi-change     0.07889  step=2
it4     f=     51.12320836  change=   3.636e-05 pi-change     0.02649  step=2
it6     f=     51.14205937  change=   5.644e-05 pi-change      0.2565  step=2
it8     f=     51.14243550  change=   3.799e-06 pi-change     0.03606  step=5.81865
it10    f=     51.14323145  change=   8.276e-06 pi-change     0.02530  step=2
it20    f=     51.14547294  change=   3.719e-06 pi-change   0.0005493
it30    f=     51.14625649  change=   2.039e-06 pi-change   0.0007004
it40    f=     51.14958777  change=   1.181e-05 pi-change     0.01111  step=2
it50    f=     51.21886505  change=   2.052e-05 pi-change     0.01941  step=2.53984
it60    f=     51.22294571  change=   3.882e-08 pi-change    0.001328  step=2
it70    f=     51.22295235  change=   1.014e-09 pi-change   0.0001416  step=5
it76    f=     51.22295240  change=   4.354e-15 pi-change   9.042e-08
Strong convergence
Cointegration LPowell M=1000 Res=7 eps=1e-12, alpha-beta switching
     iters   updates   logliks  failures     below    CPU(s)
       948       948      3193        64      .NaN     67.72


10 ######### rank 3

SWITCHING ALGORITHM v2.0, eps=1e-12 line search=L1QStep
start   f=     46.86270660
it1     f=     51.04728181  change=     0.08743 pi-change      0.4565
it2     f=     51.04835747  change=   2.067e-05 pi-change     0.06548
it4     f=     51.04981454  change=   1.837e-05 pi-change     0.02828  step=2
it6     f=     51.05193858  change=   1.906e-05 pi-change     0.02738  step=2
it8     f=     51.05418684  change=   2.280e-05 pi-change     0.02825  step=2
it10    f=     51.05736825  change=   3.443e-05 pi-change     0.03535  step=2
it20    f=     51.23787528  change=   8.105e-07 pi-change     0.02449
it30    f=     51.23790070  change=   8.039e-14 pi-change   1.588e-06
it34    f=     51.23790070  change=   6.801e-16 pi-change   3.101e-07
Strong convergence
Cointegration L1QStep M=1000 Res=10 eps=1e-12, alpha-beta switching
     iters   updates   logliks  failures     below    CPU(s)
        41        41       110         0      .NaN      3.27


10 ######### rank 3

SWITCHING ALGORITHM v2.0, eps=1e-12 line search=LUser2
start   f=     46.86270660
it1     f=     51.04728181  change=     0.08743 pi-change      0.4565
it2     f=     51.04840977  change=   2.167e-05 pi-change     0.07271  step=1.2
it4     f=     51.04997938  change=   2.266e-05 pi-change     0.08686  step=4
it6     f=     51.05486245  change=   2.455e-05 pi-change     0.02171  step=1.2
it8     f=     51.05786478  change=   3.546e-05 pi-change     0.03790  step=2
it10    f=     51.06786670  change=   0.0001291 pi-change      0.1143  step=2
it20    f=     51.23788729  change=   1.662e-07 pi-change    0.002822  step=1.2
it30    f=     51.23790070  change=   2.147e-12 pi-change   6.844e-05  step=2
it35    f=     51.23790070  change=   9.521e-16 pi-change   8.711e-07  step=0.99
Strong convergence
Cointegration LUser2 M=1000 Res=10 eps=1e-12 Beta line search, alpha-beta switching
     iters   updates   logliks  failures     below    CPU(s)
        28        28       125         0      .NaN      2.88


10 ######### rank 3

SWITCHING ALGORITHM v2.0, eps=1e-12 line search=LUser3
start   f=     46.86270660
it1     f=     51.04728181  change=     0.08743 pi-change      0.4565
it2     f=     51.04842816  change=   2.203e-05 pi-change     0.07807  step=1.4452
it4     f=     51.05039316  change=   3.133e-05 pi-change     0.08829  step=5
it6     f=     51.07932705  change=   0.0002727 pi-change      0.1817  step=2
it8     f=     51.20273854  change=    0.001289 pi-change      0.4032  step=2
it10    f=     51.23532146  change=   2.896e-05 pi-change      0.2177  step=1.3822
it20    f=     51.23790070  change=   7.767e-11 pi-change   0.0002899  step=2.88233
it27    f=     51.23790070  change=   9.521e-16 pi-change   7.312e-07
Strong convergence
Cointegration LUser3 M=1000 Res=10 eps=1e-12, alpha-beta switching
     iters   updates   logliks  failures     below    CPU(s)
        27        27        73         0      .NaN      2.46


10 ######### rank 3

SWITCHING ALGORITHM v2.0, eps=1e-12 line search=LBrent
start   f=     46.86270660
it1     f=     51.04728181  change=     0.08743 pi-change      0.4565
it2     f=     51.04836914  change=   2.089e-05 pi-change     0.09854  step=1.5
it4     f=     51.05008361  change=   2.322e-05 pi-change     0.07117  step=3.67376
it6     f=     51.05272322  change=   2.478e-05 pi-change     0.03975  step=2.91178
it8     f=     51.05596227  change=   3.890e-05 pi-change     0.05490  step=3.67376
it10    f=     51.06335229  change=   9.619e-05 pi-change     0.06017  step=1.5
it20    f=     51.23789811  change=   2.863e-07 pi-change     0.02804  step=2.02546
it30    f=     51.23790070  change=   6.067e-14 pi-change   4.139e-06  step=5.6084
it33    f=     51.23790070  change=   1.360e-16 pi-change   4.522e-07  step=1.5
Strong convergence
Cointegration LBrent M=1000 Res=10 eps=1e-12, alpha-beta switching
     iters   updates   logliks  failures     below    CPU(s)
        46        46       193         0      .NaN      3.60


10 ######### rank 3

SWITCHING ALGORITHM v2.0, eps=1e-12 line search=LBrentStd
start   f=     46.86270660
it1     f=     51.04728181  change=     0.08743 pi-change      0.4565
it2     f=     51.04836914  change=   2.089e-05 pi-change     0.09854  step=1.5
it4     f=     51.04905100  change=   4.798e-06 pi-change     0.03941  step=1.5
it6     f=     51.04985258  change=   5.268e-06 pi-change     0.02435
it8     f=     51.05118015  change=   3.028e-06 pi-change    0.008799  step=1.84435
it10    f=     51.05201495  change=   4.322e-06 pi-change     0.01325
it20    f=     51.20026906  change=   0.0009401 pi-change      0.2856  step=1.5
it30    f=     51.23789873  change=   2.866e-08 pi-change    0.002486  step=1.5
it40    f=     51.23790070  change=   2.535e-11 pi-change   5.300e-05
it42    f=     51.23790070  change=   1.578e-14 pi-change   5.311e-07
Strong convergence
Cointegration LBrentStd M=1000 Res=10 eps=1e-12, alpha-beta switching
     iters   updates   logliks  failures     below    CPU(s)
       162       162       687        10      .NaN     14.28


10 ######### rank 3

SWITCHING ALGORITHM v2.0, eps=1e-12 line search=LPowell
start   f=     46.86270660
it1     f=     51.04728181  change=     0.08743 pi-change      0.4565
it2     f=     51.04835747  change=   2.067e-05 pi-change     0.06548
it4     f=     51.04991752  change=   2.034e-05 pi-change     0.04770  step=2.5
it6     f=     51.05287331  change=   2.831e-05 pi-change     0.03539  step=2
it8     f=     51.05657185  change=   3.665e-05 pi-change     0.03523  step=2
it10    f=     51.06384245  change=   8.591e-05 pi-change     0.08168  step=2
it20    f=     51.23788596  change=   1.793e-07 pi-change    0.009235
it30    f=     51.23790070  change=   4.237e-12 pi-change   5.136e-05
it39    f=     51.23790070  change=   5.441e-16 pi-change   8.125e-07  step=2
Strong convergence
Cointegration LPowell M=1000 Res=10 eps=1e-12, alpha-beta switching
     iters   updates   logliks  failures     below    CPU(s)
        63        63       180         2      .NaN      5.29
