--------------- Ox at 17:35:50 on 15-Mar-2017 ---------------

Ox Professional version 7.20 (Windows_64/U/MT) (C) J.A. Doornik, 1994-2014
Gaussian mixture model None M=100 N=1000 S=3 P=1
     iters   updates   logliks  failures     below    CPU(s)
      5015      5015      5016        34      .NaN    213.78
Gaussian mixture model L1Step M=100 N=1000 S=3 P=1
     iters   updates   logliks  failures     below    CPU(s)
       102       102       432         0      .NaN      9.91
Gaussian mixture model LgSqS3 M=100 N=1000 S=3 P=1
     iters   updates   logliks  failures     below    CPU(s)
       338      1043       705        14      .NaN     38.65
Gaussian mixture model LParabolic M=100 N=1000 S=3 P=1
     iters   updates   logliks  failures     below    CPU(s)
       110       220       843         2      .NaN     18.08
--------------- Ox at 17:41:17 on 15-Mar-2017 ---------------

Ox Professional version 7.20 (Windows_64/U/MT) (C) J.A. Doornik, 1994-2014
Gaussian mixture model None M=100 N=1000 S=3 P=1
     iters   updates   logliks  failures     below    CPU(s)
      3622      7243      3623        21      .NaN    245.62
Gaussian mixture model L1Step M=100 N=1000 S=3 P=1
     iters   updates   logliks  failures     below    CPU(s)
        68       135       270         0      .NaN      8.05
Gaussian mixture model LgSqS3 M=100 N=1000 S=3 P=1
     iters   updates   logliks  failures     below    CPU(s)
      1903      7613      3808        12      .NaN    257.31
Gaussian mixture model LParabolic M=100 N=1000 S=3 P=1
     iters   updates   logliks  failures     below    CPU(s)
        93       278       708         7      .NaN     17.30
--------------- Ox at 18:01:05 on 15-Mar-2017 ---------------

Ox Professional version 7.20 (Windows_64/U/MT) (C) J.A. Doornik, 1994-2014
Gaussian mixture model None M=100 N=1000 S=4 P=1
     iters   updates   logliks  failures     below    CPU(s)
      6123      6123      6124        41      .NaN    336.27
Gaussian mixture model L1Step M=100 N=1000 S=4 P=1
     iters   updates   logliks  failures     below    CPU(s)
       132       132       526         2      .NaN     15.51
Gaussian mixture model LgSqS3 M=100 N=1000 S=4 P=1
     iters   updates   logliks  failures     below    CPU(s)
       456      1430       975        17      .NaN     69.28
Gaussian mixture model LParabolic M=100 N=1000 S=4 P=1
     iters   updates   logliks  failures     below    CPU(s)
       155       310      1210         9      .NaN     33.20
--------------- Ox at 18:08:58 on 15-Mar-2017 ---------------

Ox Professional version 7.20 (Windows_64/U/MT) (C) J.A. Doornik, 1994-2014
Gaussian mixture model None M=100 N=1000 S=3 P=3
     iters   updates   logliks  failures     below    CPU(s)
       816       816       817         1      .NaN     55.05
Gaussian mixture model L1Step M=100 N=1000 S=3 P=3
     iters   updates   logliks  failures     below    CPU(s)
        56        56       221         0      .NaN      7.87
Gaussian mixture model LgSqS3 M=100 N=1000 S=3 P=3
     iters   updates   logliks  failures     below    CPU(s)
        36       111        76         0      .NaN      6.57
Gaussian mixture model LParabolic M=100 N=1000 S=3 P=3
     iters   updates   logliks  failures     below    CPU(s)
        42        83       293         1      .NaN      9.55
--------------- Ox at 18:45:42 on 15-Mar-2017 ---------------

Ox Professional version 7.20 (Windows_64/U/MT) (C) J.A. Doornik, 1994-2014
Gaussian mixture model None M=10 N=1000 S=3 P=1
     iters   updates   logliks  failures     below    CPU(s)
      6068      6068      6069         5      .NaN     26.50
Gaussian mixture model L1Step M=10 N=1000 S=3 P=1
     iters   updates   logliks  failures     below    CPU(s)
       141       141       563         0      .NaN      1.36
Gaussian mixture model LgSqS3 M=10 N=1000 S=3 P=1
     iters   updates   logliks  failures     below    CPU(s)
       276       867       591         1      .NaN      3.25
Gaussian mixture model LParabolic M=10 N=1000 S=3 P=1
     iters   updates   logliks  failures     below    CPU(s)
       113       225       880         1      .NaN      1.89
Maximum of the likelihoods in deviation from the maximum of those achieved by each method:
       10003.       9999.0       36.000       36.000       35.000       10003.       10001.       9875.0       9875.0       9497.0       10003.       10001.       9529.0       8505.0       8980.0       10003.       10001.       9912.0       9823.0       9303.0
Premature convergence, deviations:

      0.00000       8006.7       8005.0       1.0000       1.0000      0.00000       8006.7       8005.0       7925.0       7925.0       7688.0       8006.7       8005.0       7764.0       7179.0       7419.0       8006.7       8005.0       7923.0       7841.0       7372.0
       1.0000       1653.5       1652.0       1.0000       1.0000      0.00000       1653.5       1652.0       1588.0       1588.0       1392.0       1653.5       1652.0       1548.0       1304.0       1407.0       1653.5       1652.0       1612.0       1572.0       1360.0
       2.0000       10003.       9999.0       1.0000       1.0000      0.00000       10003.       10001.       9850.0       9850.0       9395.0       10003.       10001.       9529.0       8505.0       8976.0       10003.       10001.       9736.0       9471.0       7888.0
       3.0000       10003.       9999.0       1.0000       1.0000      0.00000       10003.       10001.       9875.0       9875.0       9497.0       10003.       10001.       9460.0       8353.0       8893.0       10003.       10001.       9912.0       9823.0       9303.0
       4.0000         .NaN       46.000       36.000       36.000       35.000       51.344       49.000       41.000       41.000      0.00000         .NaN       46.000       47.000       41.000       43.000         .NaN       46.000       46.000       42.000       27.000
       5.0000       10003.       9999.0       1.0000       1.0000      0.00000       10003.       10001.       9779.0       9779.0       9112.0       10003.       10001.       9514.0       8494.0       8980.0       10003.       10001.       9865.0       9729.0       8942.0
       6.0000       7855.8       7854.0       1.0000       1.0000      0.00000       7855.8       7854.0       7687.0       7687.0       7198.0       7855.8       7854.0       7595.0       7058.0       7316.0       7855.8       7854.0       7688.0       7522.0       6563.0
       7.0000       1597.2       1596.0       1.0000       1.0000      0.00000       1597.2       1596.0       1537.0       1537.0       1366.0       1597.2       1596.0       1534.0       1406.0       1467.0       1597.2       1596.0       1558.0       1520.0       1322.0
       8.0000       1563.6       1562.0       1.0000       1.0000      0.00000       1563.6       1562.0       1458.0       1458.0       1152.0       1563.6       1562.0       1487.0       1329.0       1403.0       1563.6       1562.0       1466.0       1370.0       832.00
       9.0000       10003.       9999.0       1.0000       1.0000      0.00000       10003.       10001.       9574.0       9574.0       8293.0       10003.       10001.       9483.0       8389.0       8906.0       10003.       10001.       9790.0       9579.0       8310.0
Premature convergence, likelihoods:

       0           1.671295758                     0                  8004                  8004                  8005           1.670287282                     0                    80                    80                   317           1.671295755                     0                   241                   826                   586           1.672176392                     0                    82                   164                   633
       1           1.476788549                     0                  1651                  1651                  1652           1.476788549                     0                    64                    64                   260           1.476788549                     0                   104                   348                   245           1.476788549                     0                    40                    80                   292
       2           1.868222256                     2                 10000                 10000                 10001           1.866710681                     0                   151                   151                   606           1.866710681                     0                   472                  1496                  1025           1.866710681                     0                   265                   530                  2113
       3            1.73731293                     2                 10000                 10000                 10001           1.736515092                     0                   126                   126                   504           1.736280037                     0                   541                  1648                  1108           1.736515092                     0                    89                   178                   698
       4                  .NaN                     4                    14                    14                    15           1.344222795                     1                     9                     9                    50                  .NaN                     4                     3                     9                     7                  .NaN                     4                     4                     8                    23
       5           1.840127282                     2                 10000                 10000                 10001           1.839923807                     0                   222                   222                   889           1.839923807                     0                   487                  1507                  1021           1.839923807                     0                   136                   272                  1059
       6             1.8274347                     0                  7853                  7853                  7854             1.8274347                     0                   167                   167                   656             1.8274347                     0                   259                   796                   538             1.8274347                     0                   166                   332                  1291
       7           1.249569298                     0                  1595                  1595                  1596           1.249569298                     0                    59                    59                   230           1.249569298                     0                    62                   190                   129           1.249569298                     0                    38                    76                   274
       8           1.631233474                     0                  1561                  1561                  1562           1.630428288                     0                   104                   104                   410           1.631233474                     0                    75                   233                   159           1.631233474                     0                    96                   192                   730
       9           1.823871656                     2                 10000                 10000                 10001           1.823840944                     0                   427                   427                  1708           1.823840943                     0                   518                  1612                  1095           1.823840943                     0                   211                   422                  1691
--------------- Ox at 18:48:23 on 15-Mar-2017 ---------------

Ox Professional version 7.20 (Windows_64/U/MT) (C) J.A. Doornik, 1994-2014
Gaussian mixture model None M=100 N=1000 S=3 P=1
     iters   updates   logliks  failures     below    CPU(s)
      5015      5015      5016        34      .NaN    215.29
Gaussian mixture model L1Step M=100 N=1000 S=3 P=1
     iters   updates   logliks  failures     below    CPU(s)
       102       102       432         0      .NaN     10.01
Gaussian mixture model LgSqS3 M=100 N=1000 S=3 P=1
     iters   updates   logliks  failures     below    CPU(s)
       338      1043       705        14      .NaN     38.83
Gaussian mixture model LParabolic M=100 N=1000 S=3 P=1
     iters   updates   logliks  failures     below    CPU(s)
       110       220       843         2      .NaN     18.03

Maximum of the likelihoods in deviation from the maximum of those achieved by each method:
     0.038785     0.013706     0.038785     0.038355
Premature convergence, deviations:

      0.00000    0.0010085      0.00000    0.0010085    0.0018891
       2.0000    0.0015116  3.7970e-013      0.00000  2.6645e-014
       3.0000    0.0010329   0.00023505      0.00000   0.00023505
       5.0000   0.00020348  2.4245e-012  1.0021e-011      0.00000
       8.0000   0.00080519      0.00000   0.00080519   0.00080519
       9.0000  3.0713e-005  4.2320e-010  1.1536e-010      0.00000
       10.000    0.0038556      0.00000    0.0035051    0.0037942
       12.000   0.00020537  1.2785e-012   0.00020537      0.00000
       13.000   0.00039110  2.2806e-010   0.00039110      0.00000
       14.000         .NaN      0.00000         .NaN   0.00022947
       15.000    0.0010066    0.0010215  1.2126e-012      0.00000
       17.000    0.0023058  1.1215e-012    0.0010083      0.00000
       18.000   0.00048177    0.0011864  1.1519e-011      0.00000
       19.000    0.0059423      0.00000    0.0059423    0.0059423
       20.000     0.037444      0.00000         .NaN     0.036353
       21.000  4.0417e-010    0.0087340  8.8527e-012      0.00000
       25.000  3.3561e-011    0.0032689      0.00000  6.3238e-013
       26.000         .NaN   0.00042498         .NaN      0.00000
       27.000  6.2577e-011    0.0051256      0.00000  6.2639e-013
       28.000   0.00044997      0.00000  8.0447e-012   0.00017765
       29.000  3.6183e-010    0.0039776      0.00000    0.0012669
       30.000     0.037145      0.00000         .NaN         .NaN
       31.000  1.1204e-010    0.0030886      0.00000    0.0041381
       32.000         .NaN      0.00000         .NaN     0.020884
       33.000   0.00095190  1.2162e-011  1.4966e-013      0.00000
       34.000  9.2826e-011    0.0036030    0.0014531      0.00000
       35.000   0.00016905    0.0026609   0.00016905      0.00000
       36.000    0.0041687      0.00000         .NaN    0.0041687
       38.000    0.0010272     0.013706      0.00000    0.0010272
       39.000    0.0019845      0.00000    0.0019803    0.0019803
       40.000    0.0052590    0.0076639      0.00000    0.0094532
       41.000   0.00090542  2.2293e-013      0.00000  1.9185e-013
       42.000  1.4935e-007   0.00011720      0.00000  4.7298e-012
       43.000   0.00027951  9.3259e-012   0.00027951      0.00000
       44.000    0.0020482    0.0089210    0.0020482      0.00000
       45.000  3.7654e-011    0.0025869      0.00000  3.4284e-013
       46.000    0.0024103      0.00000    0.0024103    0.0024103
       47.000     0.038785      0.00000     0.038785     0.038355
       48.000    0.0047210      0.00000    0.0047210    0.0069932
       49.000  3.4373e-010   0.00068906  1.1855e-012      0.00000
       50.000    0.0057774      0.00000    0.0057774    0.0057774
       52.000   0.00082094    0.0043268   0.00082089      0.00000
       55.000  1.3700e-010   0.00025568      0.00000   0.00025568
       56.000   0.00071873  1.4959e-005      0.00000  1.4959e-005
       57.000   0.00066097      0.00000   0.00066097   0.00066097
       58.000    0.0010551    0.0064811    0.0010441      0.00000
       60.000    0.0022360      0.00000    0.0022360    0.0022360
       61.000    0.0010922    0.0010922    0.0010922      0.00000
       63.000         .NaN      0.00000         .NaN    0.0050484
       64.000   0.00038694      0.00000   0.00038694   0.00038694
       65.000  6.8150e-011    0.0018614      0.00000   0.00046976
       66.000  8.3454e-005  4.8045e-011  8.3454e-005      0.00000
       68.000    0.0016722    0.0017792      0.00000    0.0032906
       70.000   0.00070548   0.00037061   0.00070547      0.00000
       71.000    0.0030494      0.00000    0.0019596    0.0019596
       72.000    0.0011592  5.8595e-012      0.00000  9.3836e-013
       73.000    0.0017126    0.0021565    0.0017126      0.00000
       74.000    0.0021162      0.00000   0.00077314   0.00077314
       75.000  3.8348e-005  3.8274e-011  6.4069e-012      0.00000
       76.000  1.9541e-010    0.0041571      0.00000    0.0039919
       77.000    0.0019343      0.00000    0.0017475    0.0017475
       78.000  4.3275e-010    0.0031875      0.00000    0.0031875
       79.000   0.00090171      0.00000   0.00090171   0.00090171
       80.000  1.4395e-010   0.00089747      0.00000   0.00069177
       83.000    0.0085742  2.1836e-012      0.00000    0.0085742
       84.000  1.2022e-006    0.0011574      0.00000    0.0011574
       85.000    0.0024006    0.0051573    0.0024006      0.00000
       86.000  5.4410e-011  6.6151e-005      0.00000  6.6151e-005
       87.000      0.00000  9.0662e-005         .NaN    0.0017722
       88.000  2.5194e-010    0.0063600      0.00000    0.0063600
       89.000  4.0876e-011    0.0035044      0.00000    0.0027172
       90.000   0.00044090   0.00044090         .NaN      0.00000
       91.000  4.5508e-010    0.0019718  1.0549e-012      0.00000
       92.000    0.0011026    0.0045091      0.00000    0.0048170
       93.000    0.0038806      0.00000    0.0037508    0.0038143
       94.000         .NaN     0.013607         .NaN      0.00000
       95.000      0.00000    0.0026702         .NaN    0.0026629
       96.000   0.00070801  1.0657e-008         .NaN      0.00000
       97.000  6.0833e-010    0.0069829  5.8165e-012      0.00000
       99.000   0.00062834   0.00062834   0.00062834      0.00000
Premature convergence, likelihoods:

       0           1.671295758           1.670287282           1.671295755           1.672176392
       2           1.868222256           1.866710681           1.866710681           1.866710681
       3            1.73731293           1.736515092           1.736280037           1.736515092
       5           1.840127282           1.839923807           1.839923807           1.839923807
       8           1.631233474           1.630428288           1.631233474           1.631233474
       9           1.823871656           1.823840944           1.823840943           1.823840943
      10           1.519811424           1.515955868           1.519460985           1.519750027
      12           1.373329334            1.37312396           1.373329334            1.37312396
      13           1.832079324            1.83168822           1.832079324            1.83168822
      14                  .NaN           1.807700172                  .NaN           1.807929646
      15           1.382641012           1.382655972            1.38163443            1.38163443
      17           1.756470729           1.754164884           1.755173212           1.754164884
      18           1.677711968           1.678416564           1.677230199           1.677230199
      19           1.749551246           1.743608958           1.749551246           1.749551246
      20           1.871257423           1.833813707                  .NaN           1.870166645
      21           1.777784408           1.786518434           1.777784408           1.777784408
      25            1.62282743           1.626096346            1.62282743            1.62282743
      26                  .NaN           1.765058167                  .NaN           1.764633182
      27           1.595308433           1.600434059           1.595308433           1.595308433
      28            1.75900604           1.758556074           1.758556074           1.758733722
      29           1.637082301           1.641059918             1.6370823           1.638349249
      30           1.377329002           1.340184324                  .NaN                  .NaN
      31           1.456942912           1.460031476           1.456942912           1.461081047
      32                  .NaN           1.502380274                  .NaN           1.523264222
      33           1.636529856           1.635577953           1.635577953           1.635577953
      34           1.587485311           1.591088347            1.58893839           1.587485311
      35           1.449156636           1.451648489           1.449156636           1.448987589
      36           1.660067874           1.655899173                  .NaN           1.660067874
      38           1.640716837            1.65339608            1.63968959           1.640716837
      39           1.178374883            1.17639043           1.178370754           1.178370751
      40           1.570948698           1.573353593           1.565689717           1.575142922
      41           1.421836777           1.420931353           1.420931353           1.420931353
      42           1.726557691           1.726674746           1.726557542           1.726557542
      43           1.530516535           1.530237023           1.530516534           1.530237023
      44           1.816220326           1.823093146           1.816220323           1.814172133
      45           1.334761571           1.337348496           1.334761571           1.334761571
      46           1.731819583           1.729409312           1.731819582           1.731819582
      47           1.839738901           1.800954077           1.839738901           1.839308841
      48           1.606723408           1.602002395           1.606723408           1.608995574
      49           1.835734589           1.836423646           1.835734589           1.835734589
      50           1.761309495           1.755532087           1.761309494           1.761309494
      52           1.893851927           1.897357785           1.893851877            1.89303099
      55           1.176052835           1.176308518           1.176052835           1.176308518
      56           1.541379294           1.540675526           1.540660567           1.540675526
      57           1.608150186           1.607489212           1.608150186           1.608150186
      58           1.485631992           1.491058067           1.485621067           1.484576935
      60           1.467007934           1.464771931           1.467007934           1.467007934
      61           1.823080765           1.823080764           1.823080764           1.821988594
      63                  .NaN           1.883327474                  .NaN           1.888375866
      64           1.548198129           1.547811191           1.548198129           1.548198129
      65           1.688339868           1.690201307           1.688339868           1.688809628
      66           1.354425203           1.354341749           1.354425203           1.354341749
      68           1.476392166           1.476499147           1.474719962            1.47801061
      70           1.830222422           1.829887547           1.830222411           1.829516941
      71           1.675955675           1.672906324           1.674865947           1.674865947
      72           1.626682287           1.625523055           1.625523055           1.625523055
      73           1.702198604           1.702642457           1.702198604           1.700486002
      74           1.672978309           1.670862109           1.671635253           1.671635253
      75           1.541810998            1.54177265            1.54177265            1.54177265
      76           1.657768644           1.661925767           1.657768644           1.661760555
      77           1.511038106           1.509103853           1.510851334           1.510851335
      78           1.618713299           1.621900809           1.618713298           1.621900809
      79           1.685747827           1.684846117           1.685747827           1.685747827
      80           1.667374415           1.668271884           1.667374415           1.668066183
      83           1.334655098           1.326080866           1.326080866           1.334655098
      84           1.505234528           1.506390742           1.505233325           1.506390742
      85            1.50360443           1.506361191            1.50360443           1.501203871
      86           1.466112211           1.466178362           1.466112211           1.466178362
      87           1.870506954           1.870597616                  .NaN           1.872279133
      88           1.603270795           1.609630824           1.603270795           1.609630824
      89           1.650386796            1.65389119           1.650386796           1.653104045
      90           1.656924423           1.656924422                  .NaN            1.65648352
      91           1.604381036           1.606352833           1.604381035           1.604381035
      92           1.726270749           1.729677277           1.725168137           1.729985141
      93              1.769929           1.766048431           1.769799227           1.769862751
      94                  .NaN           1.672942336                  .NaN            1.65933494
      95           1.756440782           1.759111006                  .NaN           1.759103711
      96           1.685043303             1.6843353                  .NaN            1.68433529
      97           1.673903179           1.680886095           1.673903178           1.673903178
      99           1.017891053           1.017891053           1.017891053           1.017262711
--------------- Ox at 19:24:49 on 15-Mar-2017 ---------------

Ox Professional version 7.20 (Windows_64/U/MT) (C) J.A. Doornik, 1994-2014
Gaussian mixture model None M=100 N=10000 S=3 P=1
     iters   updates   logliks  failures     below    CPU(s)
      7419      7419      7420        54      .NaN   3143.98
Gaussian mixture model L1Step M=100 N=10000 S=3 P=1
     iters   updates   logliks  failures     below    CPU(s)
       102       102       416         0      .NaN     80.46
Gaussian mixture model LgSqS3 M=100 N=10000 S=3 P=1
     iters   updates   logliks  failures     below    CPU(s)
       996      3054      2059         4      .NaN   1116.62
Gaussian mixture model LParabolic M=100 N=10000 S=3 P=1
     iters   updates   logliks  failures     below    CPU(s)
       169       339      1339         2      .NaN    242.05

Maximum of the likelihoods in deviation from the maximum of those achieved by each method:
     0.025861     0.017180     0.025861     0.027433
Premature convergence, deviations:

      0.00000   0.00023734      0.00000         .NaN   0.00022083
       1.0000  7.5335e-010  3.6866e-005  1.6301e-011      0.00000
       3.0000   0.00035461   0.00089078  5.8132e-010      0.00000
       4.0000   0.00051799    0.0034754  8.7607e-011      0.00000
       5.0000  7.1964e-009    0.0028135  4.1625e-010      0.00000
       7.0000  1.1590e-010   0.00024712      0.00000  1.1382e-012
       9.0000  9.6723e-011   0.00045906      0.00000         .NaN
       10.000  1.5472e-009  3.0160e-011      0.00000   0.00011339
       11.000  3.0726e-005    0.0010656      0.00000    0.0011222
       12.000   0.00010913  3.7247e-005      0.00000  4.6558e-005
       13.000  2.1890e-009      0.00000  1.4296e-010    0.0010486
       14.000   0.00033187   0.00021579   0.00020819      0.00000
       15.000  4.4360e-009     0.010164      0.00000  3.1775e-012
       16.000   0.00028555   0.00017460   0.00026198      0.00000
       17.000  8.1008e-011    0.0076664      0.00000   0.00019512
       18.000  2.0747e-010     0.011867      0.00000    0.0013268
       19.000  1.9479e-009    0.0047710  1.0996e-010      0.00000
       21.000     0.025861      0.00000     0.025861     0.027433
       22.000   0.00018913      0.00000   0.00016548   0.00016548
       24.000  2.6300e-007    0.0012463      0.00000    0.0014513
       25.000   0.00076773   0.00037504      0.00000   0.00069620
       27.000  4.0973e-005    0.0058018      0.00000    0.0055056
       28.000  1.0582e-010    0.0017683         .NaN      0.00000
       29.000   0.00029787   0.00020480  8.7850e-012      0.00000
       30.000  7.3147e-008  9.7651e-005  1.7996e-009      0.00000
       34.000  1.5509e-009   0.00029503  6.2285e-011      0.00000
       35.000  6.9277e-011    0.0086065      0.00000  5.2853e-012
       37.000  5.5523e-005   0.00036880      0.00000   0.00012102
       38.000  3.2320e-005    0.0010564  3.2320e-005      0.00000
       39.000   0.00046099      0.00000   0.00031823   0.00031823
       40.000  3.3871e-009    0.0013677  3.6985e-010      0.00000
       41.000  3.6941e-005    0.0069065  3.4249e-011      0.00000
       42.000  2.2803e-009    0.0012368  3.3779e-011      0.00000
       43.000  4.1629e-007    0.0030487  5.3485e-010      0.00000
       44.000  1.4517e-009    0.0016421      0.00000  1.0182e-005
       45.000  2.2574e-009    0.0021321  5.7484e-010      0.00000
       46.000  1.8859e-010    0.0030953  1.6184e-011      0.00000
       48.000  4.6358e-006    0.0026330      0.00000    0.0014675
       50.000   0.00030913     0.017180      0.00000  5.0404e-014
       51.000  1.4587e-005    0.0016645  1.4585e-005      0.00000
       52.000    0.0010509    0.0048472    0.0010509      0.00000
       53.000   0.00051737   0.00051360   0.00051706      0.00000
       54.000  1.2326e-009   0.00077474      0.00000   0.00013131
       56.000   0.00043356      0.00000   0.00043346   0.00043346
       57.000  8.2730e-005  4.3629e-006  2.4505e-012      0.00000
       58.000  1.3474e-012   0.00035796      0.00000   0.00038246
       60.000  1.3298e-005   0.00030386      0.00000   0.00020996
       61.000   0.00014795   0.00024422   0.00014795      0.00000
       62.000    0.0082112      0.00000    0.0082092    0.0082092
       63.000  1.7119e-010   0.00031833      0.00000   0.00015214
       64.000  1.6661e-011   0.00040754      0.00000  7.1054e-015
       65.000   0.00013533    0.0013430  8.5456e-005      0.00000
       67.000      0.00000     0.012992    0.0014418    0.0013920
       68.000   0.00032570  2.3893e-009   0.00032179      0.00000
       69.000  3.0284e-005      0.00000  1.5660e-010  1.5905e-010
       70.000  8.7102e-006   0.00058111  1.8640e-010      0.00000
       72.000   0.00019864      0.00000   0.00010828   0.00012307
       73.000  2.1233e-005   0.00038047      0.00000         .NaN
       74.000  5.7683e-005  2.6471e-010      0.00000  5.3776e-010
       75.000  6.1059e-006  3.5203e-005  2.8107e-010      0.00000
       76.000  1.1638e-009  7.1433e-005  1.9620e-011      0.00000
       77.000  3.3129e-005   0.00020597  6.4981e-012      0.00000
       78.000  3.5860e-005  5.3208e-009  1.5067e-009      0.00000
       82.000   0.00010901    0.0022145      0.00000   0.00026397
       83.000  1.1491e-005   0.00095506      0.00000  1.2901e-005
       85.000   0.00031200      0.00000   0.00031011   0.00020621
       86.000   0.00011850      0.00000  8.6139e-005  8.6139e-005
       88.000    0.0032596    0.0045598    0.0032596      0.00000
       89.000  4.2495e-007   0.00091601  5.7657e-010      0.00000
       90.000  1.7321e-009    0.0014852      0.00000  1.9881e-005
       92.000   0.00052906   0.00043154      0.00000    0.0010423
       94.000  3.1836e-006   0.00081976      0.00000  1.0407e-005
       95.000      0.00000   0.00058466  4.8243e-005  4.8243e-005
       96.000   0.00013839    0.0021155  4.6416e-005      0.00000
       97.000   0.00013909   0.00051742      0.00000   0.00027161
       98.000  3.2716e-006   0.00083313  2.1533e-010      0.00000
       99.000  2.1081e-005    0.0011787      0.00000  3.5071e-010
Premature convergence, likelihoods:

       0            1.64667473           1.646437389                  .NaN           1.646658221
       1           1.377666406           1.377703271           1.377666405           1.377666405
       3           1.710904928           1.711441095           1.710550318           1.710550317
       4           1.791522293           1.794479742           1.791004304           1.791004304
       5           1.761598436           1.764411947           1.761598429           1.761598429
       7           1.513836559           1.514083682           1.513836559           1.513836559
       9           1.049878517           1.050337579           1.049878517                  .NaN
      10           1.241659792           1.241659791           1.241659791            1.24177318
      11           1.800722178           1.801757008           1.800691451           1.801813656
      12           1.700714992           1.700643112           1.700605865           1.700652423
      13           1.437205714           1.437205711           1.437205712           1.438254263
      14            1.77757043           1.777454347            1.77744675           1.777238559
      15           1.575355138           1.585518673           1.575355134           1.575355134
      16           1.553150735           1.553039776           1.553127161           1.552865181
      17           1.824428289           1.832094681           1.824428289           1.824623414
      18           1.677292615           1.689160039           1.677292614           1.678619424
      19           1.601355467            1.60612649           1.601355465           1.601355465
      21           1.461476363           1.435615397           1.461476363           1.463048531
      22           1.487525107           1.487335982           1.487501466           1.487501466
      24            1.62448775           1.625733745           1.624487487           1.625938751
      25           1.446820661           1.446427966           1.446052926           1.446749122
      27           1.526402345            1.53216319           1.526361372           1.531866939
      28           1.574436069           1.576204403                  .NaN           1.574436069
      29           1.115525072           1.115432006           1.115227201           1.115227201
      30           1.780065105           1.780162682           1.780065033           1.780065031
      34           1.792792893           1.793087917           1.792792891           1.792792891
      35           1.633653746           1.642260289           1.633653746           1.633653746
      37           1.779196956           1.779510237           1.779141433           1.779262456
      38           1.593260418           1.594284532           1.593260418           1.593228098
      39           1.733966739           1.733505753           1.733823984           1.733823985
      40           1.794116638           1.795484313           1.794116635           1.794116635
      41           1.468021892           1.474891464            1.46798495            1.46798495
      42           1.835964114           1.837200906           1.835964112           1.835964112
      43           1.659392584           1.662440825           1.659392168           1.659392168
      44           1.884279391           1.885921466           1.884279389           1.884289571
      45           1.539165978           1.541298091           1.539165976           1.539165976
      46           1.400977341           1.404072687            1.40097734            1.40097734
      48            1.76685982           1.769488148           1.766855184           1.768322672
      50           1.508191536           1.525062654           1.507882404           1.507882404
      51           1.606590915           1.608240845           1.606590914           1.606576329
      52           1.851913116           1.855709455           1.851913115           1.850862227
      53           1.800751734           1.800747961           1.800751418           1.800234362
      54           1.844357842           1.845132583            1.84435784           1.844489147
      56            1.65321539           1.652781833           1.653215294           1.653215296
      57           1.508175041           1.508096674           1.508092311           1.508092311
      58            1.25212603           1.252483988            1.25212603           1.252508491
      60           1.126179994           1.126470552           1.126166696           1.126376652
      61           1.545377561           1.545473825           1.545377561           1.545229609
      62           1.729292773           1.721081583           1.729290782           1.729290781
      63           1.532286339           1.532604673           1.532286338           1.532438483
      64           1.507779258           1.508186803           1.507779258           1.507779258
      65           1.777983478           1.779191163           1.777933605           1.777848149
      67           1.569863379           1.582855821            1.57130518           1.571255429
      68           1.741321301           1.740995602           1.741317394           1.740995599
      69            1.60266445           1.602634166           1.602634166           1.602634166
      70           1.809958227           1.810530626           1.809949517           1.809949517
      72           1.384302241           1.384103598           1.384211879           1.384226672
      73           1.745674836           1.746034072           1.745653603                  .NaN
      74           1.914298526           1.914240843           1.914240843           1.914240844
      75           1.787929983            1.78795908           1.787923877           1.787923877
      76           1.516377303           1.516448735           1.516377302           1.516377302
      77           1.689823633           1.689996471           1.689790504           1.689790504
      78           1.737237747           1.737201892           1.737201889           1.737201887
      82            1.71520379           1.717309232           1.715094776           1.715358741
      83           1.839987269           1.840930841           1.839975778           1.839988679
      85           1.629783396           1.629471392           1.629781505           1.629677604
      86           1.614259682           1.614141184           1.614227323           1.614227323
      88            1.61538854           1.616688701            1.61538854           1.612128926
      89           1.573540397           1.574455979           1.573539973           1.573539972
      90           1.549749378           1.551234529           1.549749376           1.549769258
      92           1.613327036           1.613229513           1.612797978           1.613840238
      94           1.293994102            1.29481068           1.293990918           1.294001325
      95           1.585693539           1.586278201           1.585741782           1.585741782
      96           1.703580279           1.705557353           1.703488304           1.703441888
      97           1.469435144            1.46981347           1.469296052           1.469567666
      98           1.643506999            1.64433686           1.643503727           1.643503727
      99           1.722922768             1.7240804           1.722901687           1.722901688
